mode: atomic
github.com/onescluster/coordinator/pkg/api/middleware/auth.go:23.59,27.2 1 13
github.com/onescluster/coordinator/pkg/api/middleware/auth.go:31.79,32.53 1 7
github.com/onescluster/coordinator/pkg/api/middleware/auth.go:32.53,34.22 1 7
github.com/onescluster/coordinator/pkg/api/middleware/auth.go:34.22,37.2 2 1
github.com/onescluster/coordinator/pkg/api/middleware/auth.go:40.1,40.31 1 6
github.com/onescluster/coordinator/pkg/api/middleware/auth.go:40.31,43.2 2 1
github.com/onescluster/coordinator/pkg/api/middleware/auth.go:46.1,47.17 2 5
github.com/onescluster/coordinator/pkg/api/middleware/auth.go:47.17,50.2 2 1
github.com/onescluster/coordinator/pkg/api/middleware/auth.go:53.1,53.29 1 4
github.com/onescluster/coordinator/pkg/api/middleware/auth.go:53.29,56.2 2 1
github.com/onescluster/coordinator/pkg/api/middleware/auth.go:59.1,59.11 1 3
github.com/onescluster/coordinator/pkg/api/middleware/auth.go:65.65,66.43 1 6
github.com/onescluster/coordinator/pkg/api/middleware/auth.go:66.43,67.75 1 8
github.com/onescluster/coordinator/pkg/api/middleware/auth.go:67.75,69.2 1 4
github.com/onescluster/coordinator/pkg/api/middleware/auth.go:71.1,71.13 1 2
github.com/onescluster/coordinator/pkg/api/middleware/auth.go:76.87,77.53 1 6
github.com/onescluster/coordinator/pkg/api/middleware/auth.go:77.53,79.22 1 6
github.com/onescluster/coordinator/pkg/api/middleware/auth.go:79.22,82.2 2 1
github.com/onescluster/coordinator/pkg/api/middleware/auth.go:85.1,88.17 2 5
github.com/onescluster/coordinator/pkg/api/middleware/auth.go:88.17,89.31 1 3
github.com/onescluster/coordinator/pkg/api/middleware/auth.go:89.31,92.2 2 1
github.com/onescluster/coordinator/pkg/api/middleware/auth.go:94.1,94.29 1 2
github.com/onescluster/coordinator/pkg/api/middleware/auth.go:94.29,97.2 2 1
github.com/onescluster/coordinator/pkg/api/middleware/auth.go:101.1,101.11 1 3
github.com/onescluster/coordinator/pkg/api/middleware/auth.go:106.52,107.19 1 6
github.com/onescluster/coordinator/pkg/api/middleware/auth.go:107.19,109.2 1 1
github.com/onescluster/coordinator/pkg/api/middleware/auth.go:111.1,114.26 3 5
github.com/onescluster/coordinator/pkg/api/middleware/auth.go:114.26,116.18 2 14
github.com/onescluster/coordinator/pkg/api/middleware/auth.go:116.18,118.2 1 9
github.com/onescluster/coordinator/pkg/api/middleware/auth.go:121.1,121.14 1 5
github.com/onescluster/coordinator/pkg/config/config.go:66.47,68.16 2 1
github.com/onescluster/coordinator/pkg/config/config.go:68.16,70.3 1 0
github.com/onescluster/coordinator/pkg/config/config.go:72.2,73.54 2 1
github.com/onescluster/coordinator/pkg/config/config.go:73.54,75.3 1 0
github.com/onescluster/coordinator/pkg/config/config.go:78.2,81.42 2 1
github.com/onescluster/coordinator/pkg/config/config.go:81.42,83.3 1 0
github.com/onescluster/coordinator/pkg/config/config.go:85.2,85.21 1 1
github.com/onescluster/coordinator/pkg/config/config.go:89.34,91.30 1 7
github.com/onescluster/coordinator/pkg/config/config.go:91.30,93.3 1 6
github.com/onescluster/coordinator/pkg/config/config.go:94.2,94.30 1 7
github.com/onescluster/coordinator/pkg/config/config.go:94.30,96.3 1 6
github.com/onescluster/coordinator/pkg/config/config.go:97.2,97.27 1 7
github.com/onescluster/coordinator/pkg/config/config.go:97.27,99.3 1 6
github.com/onescluster/coordinator/pkg/config/config.go:102.2,102.36 1 7
github.com/onescluster/coordinator/pkg/config/config.go:102.36,104.3 1 6
github.com/onescluster/coordinator/pkg/config/config.go:105.2,105.38 1 7
github.com/onescluster/coordinator/pkg/config/config.go:105.38,107.3 1 6
github.com/onescluster/coordinator/pkg/config/config.go:108.2,108.32 1 7
github.com/onescluster/coordinator/pkg/config/config.go:108.32,110.3 1 6
github.com/onescluster/coordinator/pkg/config/config.go:113.2,113.30 1 7
github.com/onescluster/coordinator/pkg/config/config.go:113.30,115.3 1 6
github.com/onescluster/coordinator/pkg/config/config.go:118.2,118.28 1 7
github.com/onescluster/coordinator/pkg/config/config.go:118.28,120.3 1 6
github.com/onescluster/coordinator/pkg/config/config.go:123.2,123.27 1 7
github.com/onescluster/coordinator/pkg/config/config.go:123.27,125.3 1 1
github.com/onescluster/coordinator/pkg/config/config.go:126.2,126.28 1 7
github.com/onescluster/coordinator/pkg/config/config.go:126.28,128.3 1 6
github.com/onescluster/coordinator/pkg/config/config.go:131.2,131.33 1 7
github.com/onescluster/coordinator/pkg/config/config.go:131.33,133.3 1 6
github.com/onescluster/coordinator/pkg/config/config.go:137.35,139.34 1 6
github.com/onescluster/coordinator/pkg/config/config.go:139.34,141.3 1 1
github.com/onescluster/coordinator/pkg/config/config.go:144.2,144.39 1 5
github.com/onescluster/coordinator/pkg/config/config.go:144.39,146.3 1 1
github.com/onescluster/coordinator/pkg/config/config.go:149.2,155.35 2 4
github.com/onescluster/coordinator/pkg/config/config.go:155.35,157.3 1 1
github.com/onescluster/coordinator/pkg/config/config.go:160.2,160.22 1 3
github.com/onescluster/coordinator/pkg/config/config.go:160.22,161.48 1 2
github.com/onescluster/coordinator/pkg/config/config.go:161.48,163.4 1 1
github.com/onescluster/coordinator/pkg/config/config.go:166.2,166.12 1 2
github.com/onescluster/coordinator/pkg/config/config.go:170.54,172.2 1 1
github.com/onescluster/coordinator/pkg/config/config.go:175.51,177.2 1 0
github.com/onescluster/coordinator/pkg/config/config.go:180.62,182.2 1 1
github.com/onescluster/coordinator/pkg/config/config.go:185.56,187.2 1 0
github.com/onescluster/coordinator/pkg/config/config.go:190.54,192.2 1 0
github.com/onescluster/coordinator/pkg/db/capsule_store.go:18.48,20.2 1 12
github.com/onescluster/coordinator/pkg/db/capsule_store.go:23.76,24.22 1 17
github.com/onescluster/coordinator/pkg/db/capsule_store.go:24.22,26.3 1 17
github.com/onescluster/coordinator/pkg/db/capsule_store.go:28.2,29.32 2 17
github.com/onescluster/coordinator/pkg/db/capsule_store.go:29.32,31.3 1 17
github.com/onescluster/coordinator/pkg/db/capsule_store.go:32.2,54.16 4 17
github.com/onescluster/coordinator/pkg/db/capsule_store.go:54.16,56.3 1 0
github.com/onescluster/coordinator/pkg/db/capsule_store.go:58.2,58.12 1 17
github.com/onescluster/coordinator/pkg/db/capsule_store.go:62.78,86.26 5 5
github.com/onescluster/coordinator/pkg/db/capsule_store.go:86.26,88.3 1 2
github.com/onescluster/coordinator/pkg/db/capsule_store.go:89.2,89.16 1 3
github.com/onescluster/coordinator/pkg/db/capsule_store.go:89.16,91.3 1 0
github.com/onescluster/coordinator/pkg/db/capsule_store.go:93.2,96.22 3 3
github.com/onescluster/coordinator/pkg/db/capsule_store.go:100.107,110.18 3 6
github.com/onescluster/coordinator/pkg/db/capsule_store.go:110.18,113.3 2 3
github.com/onescluster/coordinator/pkg/db/capsule_store.go:115.2,115.18 1 6
github.com/onescluster/coordinator/pkg/db/capsule_store.go:115.18,118.3 2 3
github.com/onescluster/coordinator/pkg/db/capsule_store.go:120.2,123.16 3 6
github.com/onescluster/coordinator/pkg/db/capsule_store.go:123.16,125.3 1 0
github.com/onescluster/coordinator/pkg/db/capsule_store.go:126.2,129.18 3 6
github.com/onescluster/coordinator/pkg/db/capsule_store.go:129.18,146.17 4 13
github.com/onescluster/coordinator/pkg/db/capsule_store.go:146.17,148.4 1 0
github.com/onescluster/coordinator/pkg/db/capsule_store.go:150.3,153.40 3 13
github.com/onescluster/coordinator/pkg/db/capsule_store.go:156.2,156.34 1 6
github.com/onescluster/coordinator/pkg/db/capsule_store.go:156.34,158.3 1 0
github.com/onescluster/coordinator/pkg/db/capsule_store.go:160.2,160.22 1 6
github.com/onescluster/coordinator/pkg/db/capsule_store.go:164.76,191.16 4 2
github.com/onescluster/coordinator/pkg/db/capsule_store.go:191.16,193.3 1 0
github.com/onescluster/coordinator/pkg/db/capsule_store.go:195.2,196.16 2 2
github.com/onescluster/coordinator/pkg/db/capsule_store.go:196.16,198.3 1 0
github.com/onescluster/coordinator/pkg/db/capsule_store.go:200.2,200.23 1 2
github.com/onescluster/coordinator/pkg/db/capsule_store.go:200.23,202.3 1 1
github.com/onescluster/coordinator/pkg/db/capsule_store.go:204.2,204.12 1 1
github.com/onescluster/coordinator/pkg/db/capsule_store.go:208.97,221.16 3 1
github.com/onescluster/coordinator/pkg/db/capsule_store.go:221.16,223.3 1 0
github.com/onescluster/coordinator/pkg/db/capsule_store.go:225.2,226.16 2 1
github.com/onescluster/coordinator/pkg/db/capsule_store.go:226.16,228.3 1 0
github.com/onescluster/coordinator/pkg/db/capsule_store.go:230.2,230.23 1 1
github.com/onescluster/coordinator/pkg/db/capsule_store.go:230.23,232.3 1 0
github.com/onescluster/coordinator/pkg/db/capsule_store.go:234.2,234.12 1 1
github.com/onescluster/coordinator/pkg/db/capsule_store.go:238.69,242.16 3 2
github.com/onescluster/coordinator/pkg/db/capsule_store.go:242.16,244.3 1 0
github.com/onescluster/coordinator/pkg/db/capsule_store.go:246.2,247.16 2 2
github.com/onescluster/coordinator/pkg/db/capsule_store.go:247.16,249.3 1 0
github.com/onescluster/coordinator/pkg/db/capsule_store.go:251.2,251.23 1 2
github.com/onescluster/coordinator/pkg/db/capsule_store.go:251.23,253.3 1 1
github.com/onescluster/coordinator/pkg/db/capsule_store.go:255.2,255.12 1 1
github.com/onescluster/coordinator/pkg/db/capsule_store.go:259.92,261.2 1 1
github.com/onescluster/coordinator/pkg/db/capsule_store.go:264.99,266.2 1 1
github.com/onescluster/coordinator/pkg/db/capsule_store.go:269.88,273.18 3 4
github.com/onescluster/coordinator/pkg/db/capsule_store.go:273.18,276.3 2 2
github.com/onescluster/coordinator/pkg/db/capsule_store.go:278.2,280.16 3 4
github.com/onescluster/coordinator/pkg/db/capsule_store.go:280.16,282.3 1 0
github.com/onescluster/coordinator/pkg/db/capsule_store.go:284.2,284.19 1 4
github.com/onescluster/coordinator/pkg/db/init.go:11.39,17.16 4 0
github.com/onescluster/coordinator/pkg/db/init.go:17.16,19.3 1 0
github.com/onescluster/coordinator/pkg/db/init.go:21.2,26.47 2 0
github.com/onescluster/coordinator/pkg/db/init.go:26.47,28.3 1 0
github.com/onescluster/coordinator/pkg/db/init.go:30.2,31.12 2 0
github.com/onescluster/coordinator/pkg/db/init.go:35.41,45.39 2 0
github.com/onescluster/coordinator/pkg/db/init.go:45.39,47.17 2 0
github.com/onescluster/coordinator/pkg/db/init.go:47.17,49.4 1 0
github.com/onescluster/coordinator/pkg/db/init.go:51.3,51.21 1 0
github.com/onescluster/coordinator/pkg/db/init.go:51.21,53.4 1 0
github.com/onescluster/coordinator/pkg/db/init.go:56.2,57.12 2 0
github.com/onescluster/coordinator/pkg/db/init.go:62.65,64.55 1 0
github.com/onescluster/coordinator/pkg/db/init.go:64.55,67.3 2 0
github.com/onescluster/coordinator/pkg/db/init.go:69.2,77.12 2 0
github.com/onescluster/coordinator/pkg/db/init.go:81.53,85.61 2 0
github.com/onescluster/coordinator/pkg/db/init.go:85.61,86.68 1 0
github.com/onescluster/coordinator/pkg/db/init.go:86.68,88.4 1 0
github.com/onescluster/coordinator/pkg/db/init.go:91.2,91.58 1 0
github.com/onescluster/coordinator/pkg/db/init.go:91.58,92.76 1 0
github.com/onescluster/coordinator/pkg/db/init.go:92.76,94.4 1 0
github.com/onescluster/coordinator/pkg/db/init.go:97.2,98.12 2 0
github.com/onescluster/coordinator/pkg/db/init.go:102.58,104.38 1 0
github.com/onescluster/coordinator/pkg/db/init.go:104.38,106.3 1 0
github.com/onescluster/coordinator/pkg/db/init.go:109.2,109.45 1 0
github.com/onescluster/coordinator/pkg/db/init.go:109.45,111.3 1 0
github.com/onescluster/coordinator/pkg/db/init.go:114.2,117.12 3 0
github.com/onescluster/coordinator/pkg/db/models.go:105.75,111.2 1 6
github.com/onescluster/coordinator/pkg/db/models.go:114.65,119.2 2 5
github.com/onescluster/coordinator/pkg/db/node_store.go:32.90,43.16 3 0
github.com/onescluster/coordinator/pkg/db/node_store.go:43.16,45.3 1 0
github.com/onescluster/coordinator/pkg/db/node_store.go:46.2,49.18 3 0
github.com/onescluster/coordinator/pkg/db/node_store.go:49.18,51.49 2 0
github.com/onescluster/coordinator/pkg/db/node_store.go:51.49,53.4 1 0
github.com/onescluster/coordinator/pkg/db/node_store.go:54.3,54.23 1 0
github.com/onescluster/coordinator/pkg/db/node_store.go:57.2,57.34 1 0
github.com/onescluster/coordinator/pkg/db/node_store.go:57.34,59.3 1 0
github.com/onescluster/coordinator/pkg/db/node_store.go:61.2,61.21 1 0
github.com/onescluster/coordinator/pkg/db/node_store.go:65.42,67.2 1 0
github.com/onescluster/coordinator/pkg/db/node_store.go:75.87,76.19 1 0
github.com/onescluster/coordinator/pkg/db/node_store.go:76.19,78.3 1 0
github.com/onescluster/coordinator/pkg/db/node_store.go:80.2,85.21 5 0
github.com/onescluster/coordinator/pkg/db/node_store.go:85.21,87.21 2 0
github.com/onescluster/coordinator/pkg/db/node_store.go:87.21,88.42 1 0
github.com/onescluster/coordinator/pkg/db/node_store.go:88.42,90.5 1 0
github.com/onescluster/coordinator/pkg/db/node_store.go:93.3,94.54 2 0
github.com/onescluster/coordinator/pkg/db/node_store.go:98.2,98.19 1 0
github.com/onescluster/coordinator/pkg/db/node_store.go:98.19,99.51 1 0
github.com/onescluster/coordinator/pkg/db/node_store.go:99.51,101.4 1 0
github.com/onescluster/coordinator/pkg/db/node_store.go:104.2,106.21 3 0
github.com/onescluster/coordinator/pkg/db/node_store.go:106.21,108.3 1 0
github.com/onescluster/coordinator/pkg/db/node_store.go:108.8,110.3 1 0
github.com/onescluster/coordinator/pkg/db/node_store.go:112.2,113.16 2 0
github.com/onescluster/coordinator/pkg/db/node_store.go:113.16,115.3 1 0
github.com/onescluster/coordinator/pkg/db/node_store.go:116.2,116.15 1 0
github.com/onescluster/coordinator/pkg/db/node_store.go:116.15,117.17 1 0
github.com/onescluster/coordinator/pkg/db/node_store.go:117.17,118.56 1 0
github.com/onescluster/coordinator/pkg/db/node_store.go:118.56,120.5 1 0
github.com/onescluster/coordinator/pkg/db/node_store.go:124.2,144.16 4 0
github.com/onescluster/coordinator/pkg/db/node_store.go:144.16,146.3 1 0
github.com/onescluster/coordinator/pkg/db/node_store.go:148.2,149.16 2 0
github.com/onescluster/coordinator/pkg/db/node_store.go:149.16,151.3 1 0
github.com/onescluster/coordinator/pkg/db/node_store.go:153.2,153.23 1 0
github.com/onescluster/coordinator/pkg/db/node_store.go:153.23,172.17 2 0
github.com/onescluster/coordinator/pkg/db/node_store.go:172.17,174.4 1 0
github.com/onescluster/coordinator/pkg/db/node_store.go:178.2,178.113 1 0
github.com/onescluster/coordinator/pkg/db/node_store.go:178.113,180.3 1 0
github.com/onescluster/coordinator/pkg/db/node_store.go:182.2,182.43 1 0
github.com/onescluster/coordinator/pkg/db/node_store.go:182.43,196.51 2 0
github.com/onescluster/coordinator/pkg/db/node_store.go:196.51,198.19 2 0
github.com/onescluster/coordinator/pkg/db/node_store.go:198.19,200.5 1 0
github.com/onescluster/coordinator/pkg/db/node_store.go:202.4,203.24 2 0
github.com/onescluster/coordinator/pkg/db/node_store.go:203.24,206.5 2 0
github.com/onescluster/coordinator/pkg/db/node_store.go:208.4,217.18 1 0
github.com/onescluster/coordinator/pkg/db/node_store.go:217.18,219.5 1 0
github.com/onescluster/coordinator/pkg/db/node_store.go:223.2,223.35 1 0
github.com/onescluster/coordinator/pkg/db/node_store.go:223.35,225.3 1 0
github.com/onescluster/coordinator/pkg/db/node_store.go:227.2,227.12 1 0
github.com/onescluster/coordinator/pkg/db/node_store.go:230.56,231.24 1 0
github.com/onescluster/coordinator/pkg/db/node_store.go:231.24,233.3 1 0
github.com/onescluster/coordinator/pkg/db/node_store.go:234.2,234.30 1 0
github.com/onescluster/coordinator/pkg/db/node_store.go:234.30,236.3 1 0
github.com/onescluster/coordinator/pkg/db/node_store.go:237.2,237.27 1 0
github.com/onescluster/coordinator/pkg/db/node_store.go:248.89,261.2 3 0
github.com/onescluster/coordinator/pkg/db/node_store.go:272.83,284.16 4 0
github.com/onescluster/coordinator/pkg/db/node_store.go:284.16,286.3 1 0
github.com/onescluster/coordinator/pkg/db/node_store.go:287.2,290.18 3 0
github.com/onescluster/coordinator/pkg/db/node_store.go:290.18,298.17 3 0
github.com/onescluster/coordinator/pkg/db/node_store.go:298.17,300.4 1 0
github.com/onescluster/coordinator/pkg/db/node_store.go:301.3,301.28 1 0
github.com/onescluster/coordinator/pkg/db/node_store.go:304.2,304.34 1 0
github.com/onescluster/coordinator/pkg/db/node_store.go:304.34,306.3 1 0
github.com/onescluster/coordinator/pkg/db/node_store.go:308.2,308.18 1 0
github.com/onescluster/coordinator/pkg/db/node_store.go:315.92,324.16 3 0
github.com/onescluster/coordinator/pkg/db/node_store.go:324.16,326.3 1 0
github.com/onescluster/coordinator/pkg/db/node_store.go:328.2,328.12 1 0
github.com/onescluster/coordinator/pkg/db/node_store.go:332.111,334.16 2 0
github.com/onescluster/coordinator/pkg/db/node_store.go:334.16,336.3 1 0
github.com/onescluster/coordinator/pkg/db/node_store.go:337.2,337.15 1 0
github.com/onescluster/coordinator/pkg/db/node_store.go:337.15,338.17 1 0
github.com/onescluster/coordinator/pkg/db/node_store.go:338.17,339.56 1 0
github.com/onescluster/coordinator/pkg/db/node_store.go:339.56,341.5 1 0
github.com/onescluster/coordinator/pkg/db/node_store.go:345.2,345.102 1 0
github.com/onescluster/coordinator/pkg/db/node_store.go:345.102,347.3 1 0
github.com/onescluster/coordinator/pkg/db/node_store.go:349.2,349.24 1 0
github.com/onescluster/coordinator/pkg/db/node_store.go:349.24,362.17 2 0
github.com/onescluster/coordinator/pkg/db/node_store.go:362.17,364.4 1 0
github.com/onescluster/coordinator/pkg/db/node_store.go:365.3,367.32 2 0
github.com/onescluster/coordinator/pkg/db/node_store.go:367.32,368.17 1 0
github.com/onescluster/coordinator/pkg/db/node_store.go:368.17,369.13 1 0
github.com/onescluster/coordinator/pkg/db/node_store.go:371.4,380.18 1 0
github.com/onescluster/coordinator/pkg/db/node_store.go:380.18,382.5 1 0
github.com/onescluster/coordinator/pkg/db/node_store.go:386.2,386.35 1 0
github.com/onescluster/coordinator/pkg/db/node_store.go:386.35,388.3 1 0
github.com/onescluster/coordinator/pkg/db/node_store.go:389.2,389.12 1 0
github.com/onescluster/coordinator/pkg/db/node_store.go:393.85,405.16 2 0
github.com/onescluster/coordinator/pkg/db/node_store.go:405.16,407.3 1 0
github.com/onescluster/coordinator/pkg/db/node_store.go:408.2,411.18 3 0
github.com/onescluster/coordinator/pkg/db/node_store.go:411.18,423.17 3 0
github.com/onescluster/coordinator/pkg/db/node_store.go:423.17,425.4 1 0
github.com/onescluster/coordinator/pkg/db/node_store.go:426.3,427.37 2 0
github.com/onescluster/coordinator/pkg/db/node_store.go:430.2,430.34 1 0
github.com/onescluster/coordinator/pkg/db/node_store.go:430.34,432.3 1 0
github.com/onescluster/coordinator/pkg/db/node_store.go:434.2,434.23 1 0
github.com/onescluster/coordinator/pkg/db/node_store.go:441.92,453.16 3 0
github.com/onescluster/coordinator/pkg/db/node_store.go:453.16,455.3 1 0
github.com/onescluster/coordinator/pkg/db/node_store.go:457.2,457.12 1 0
github.com/onescluster/coordinator/pkg/db/node_store.go:461.84,468.16 3 0
github.com/onescluster/coordinator/pkg/db/node_store.go:468.16,470.3 1 0
github.com/onescluster/coordinator/pkg/db/node_store.go:471.2,471.12 1 0
github.com/onescluster/coordinator/pkg/db/node_store.go:475.85,482.16 3 0
github.com/onescluster/coordinator/pkg/db/node_store.go:482.16,484.3 1 0
github.com/onescluster/coordinator/pkg/db/node_store.go:485.2,485.12 1 0
github.com/onescluster/coordinator/pkg/db/rqlite.go:32.49,33.32 1 0
github.com/onescluster/coordinator/pkg/db/rqlite.go:33.32,35.3 1 0
github.com/onescluster/coordinator/pkg/db/rqlite.go:38.2,38.28 1 0
github.com/onescluster/coordinator/pkg/db/rqlite.go:38.28,40.3 1 0
github.com/onescluster/coordinator/pkg/db/rqlite.go:41.2,41.28 1 0
github.com/onescluster/coordinator/pkg/db/rqlite.go:41.28,43.3 1 0
github.com/onescluster/coordinator/pkg/db/rqlite.go:44.2,44.25 1 0
github.com/onescluster/coordinator/pkg/db/rqlite.go:44.25,46.3 1 0
github.com/onescluster/coordinator/pkg/db/rqlite.go:48.2,53.41 2 0
github.com/onescluster/coordinator/pkg/db/rqlite.go:53.41,55.3 1 0
github.com/onescluster/coordinator/pkg/db/rqlite.go:57.2,57.20 1 0
github.com/onescluster/coordinator/pkg/db/rqlite.go:61.34,64.62 2 0
github.com/onescluster/coordinator/pkg/db/rqlite.go:64.62,65.18 1 0
github.com/onescluster/coordinator/pkg/db/rqlite.go:65.18,67.4 1 0
github.com/onescluster/coordinator/pkg/db/rqlite.go:70.3,70.43 1 0
github.com/onescluster/coordinator/pkg/db/rqlite.go:70.43,72.18 2 0
github.com/onescluster/coordinator/pkg/db/rqlite.go:72.18,74.13 2 0
github.com/onescluster/coordinator/pkg/db/rqlite.go:78.4,79.18 2 0
github.com/onescluster/coordinator/pkg/db/rqlite.go:79.18,81.13 2 0
github.com/onescluster/coordinator/pkg/db/rqlite.go:84.4,88.14 4 0
github.com/onescluster/coordinator/pkg/db/rqlite.go:92.2,92.92 1 0
github.com/onescluster/coordinator/pkg/db/rqlite.go:96.67,101.17 4 0
github.com/onescluster/coordinator/pkg/db/rqlite.go:101.17,102.37 1 0
github.com/onescluster/coordinator/pkg/db/rqlite.go:102.37,104.4 1 0
github.com/onescluster/coordinator/pkg/db/rqlite.go:105.3,107.17 3 0
github.com/onescluster/coordinator/pkg/db/rqlite.go:110.2,111.16 2 0
github.com/onescluster/coordinator/pkg/db/rqlite.go:111.16,113.55 1 0
github.com/onescluster/coordinator/pkg/db/rqlite.go:113.55,115.4 1 0
github.com/onescluster/coordinator/pkg/db/rqlite.go:116.3,119.32 4 0
github.com/onescluster/coordinator/pkg/db/rqlite.go:122.2,122.12 1 0
github.com/onescluster/coordinator/pkg/db/rqlite.go:126.54,131.17 4 0
github.com/onescluster/coordinator/pkg/db/rqlite.go:131.17,132.37 1 0
github.com/onescluster/coordinator/pkg/db/rqlite.go:132.37,134.4 1 0
github.com/onescluster/coordinator/pkg/db/rqlite.go:135.3,137.17 3 0
github.com/onescluster/coordinator/pkg/db/rqlite.go:140.2,141.16 2 0
github.com/onescluster/coordinator/pkg/db/rqlite.go:141.16,143.55 1 0
github.com/onescluster/coordinator/pkg/db/rqlite.go:143.55,145.4 1 0
github.com/onescluster/coordinator/pkg/db/rqlite.go:146.3,149.31 4 0
github.com/onescluster/coordinator/pkg/db/rqlite.go:152.2,152.12 1 0
github.com/onescluster/coordinator/pkg/db/rqlite.go:156.89,161.17 4 0
github.com/onescluster/coordinator/pkg/db/rqlite.go:161.17,162.37 1 0
github.com/onescluster/coordinator/pkg/db/rqlite.go:162.37,164.4 1 0
github.com/onescluster/coordinator/pkg/db/rqlite.go:165.3,167.17 3 0
github.com/onescluster/coordinator/pkg/db/rqlite.go:170.2,171.16 2 0
github.com/onescluster/coordinator/pkg/db/rqlite.go:171.16,173.55 1 0
github.com/onescluster/coordinator/pkg/db/rqlite.go:173.55,175.4 1 0
github.com/onescluster/coordinator/pkg/db/rqlite.go:176.3,179.38 4 0
github.com/onescluster/coordinator/pkg/db/rqlite.go:182.2,182.21 1 0
github.com/onescluster/coordinator/pkg/db/rqlite.go:186.96,189.9 1 0
github.com/onescluster/coordinator/pkg/db/rqlite.go:190.20,191.43 1 0
github.com/onescluster/coordinator/pkg/db/rqlite.go:192.10,193.24 1 0
github.com/onescluster/coordinator/pkg/db/rqlite.go:198.43,203.17 4 0
github.com/onescluster/coordinator/pkg/db/rqlite.go:203.17,204.37 1 0
github.com/onescluster/coordinator/pkg/db/rqlite.go:204.37,206.4 1 0
github.com/onescluster/coordinator/pkg/db/rqlite.go:207.3,209.17 3 0
github.com/onescluster/coordinator/pkg/db/rqlite.go:212.2,212.22 1 0
github.com/onescluster/coordinator/pkg/db/rqlite.go:216.32,220.19 3 0
github.com/onescluster/coordinator/pkg/db/rqlite.go:220.19,222.3 1 0
github.com/onescluster/coordinator/pkg/db/rqlite.go:224.2,224.12 1 0
github.com/onescluster/coordinator/pkg/db/rqlite.go:228.31,231.2 2 0
github.com/onescluster/coordinator/pkg/db/state_manager.go:29.52,37.2 1 0
github.com/onescluster/coordinator/pkg/db/state_manager.go:40.44,44.39 2 0
github.com/onescluster/coordinator/pkg/db/state_manager.go:44.39,46.3 1 0
github.com/onescluster/coordinator/pkg/db/state_manager.go:49.2,49.42 1 0
github.com/onescluster/coordinator/pkg/db/state_manager.go:49.42,51.3 1 0
github.com/onescluster/coordinator/pkg/db/state_manager.go:54.2,54.43 1 0
github.com/onescluster/coordinator/pkg/db/state_manager.go:54.43,56.3 1 0
github.com/onescluster/coordinator/pkg/db/state_manager.go:59.2,59.42 1 0
github.com/onescluster/coordinator/pkg/db/state_manager.go:59.42,61.3 1 0
github.com/onescluster/coordinator/pkg/db/state_manager.go:63.2,66.12 2 0
github.com/onescluster/coordinator/pkg/db/state_manager.go:70.43,72.16 2 0
github.com/onescluster/coordinator/pkg/db/state_manager.go:72.16,74.3 1 0
github.com/onescluster/coordinator/pkg/db/state_manager.go:76.2,88.20 7 0
github.com/onescluster/coordinator/pkg/db/state_manager.go:88.20,95.17 5 0
github.com/onescluster/coordinator/pkg/db/state_manager.go:95.17,100.60 3 0
github.com/onescluster/coordinator/pkg/db/state_manager.go:100.60,102.5 1 0
github.com/onescluster/coordinator/pkg/db/state_manager.go:103.4,103.12 1 0
github.com/onescluster/coordinator/pkg/db/state_manager.go:106.3,112.28 6 0
github.com/onescluster/coordinator/pkg/db/state_manager.go:115.2,115.20 1 0
github.com/onescluster/coordinator/pkg/db/state_manager.go:115.20,117.3 1 0
github.com/onescluster/coordinator/pkg/db/state_manager.go:119.2,119.12 1 0
github.com/onescluster/coordinator/pkg/db/state_manager.go:123.46,125.16 2 0
github.com/onescluster/coordinator/pkg/db/state_manager.go:125.16,127.3 1 0
github.com/onescluster/coordinator/pkg/db/state_manager.go:129.2,141.20 7 0
github.com/onescluster/coordinator/pkg/db/state_manager.go:141.20,148.17 4 0
github.com/onescluster/coordinator/pkg/db/state_manager.go:148.17,152.60 3 0
github.com/onescluster/coordinator/pkg/db/state_manager.go:152.60,154.5 1 0
github.com/onescluster/coordinator/pkg/db/state_manager.go:155.4,155.12 1 0
github.com/onescluster/coordinator/pkg/db/state_manager.go:158.3,162.37 4 0
github.com/onescluster/coordinator/pkg/db/state_manager.go:165.2,165.20 1 0
github.com/onescluster/coordinator/pkg/db/state_manager.go:165.20,167.3 1 0
github.com/onescluster/coordinator/pkg/db/state_manager.go:169.2,169.12 1 0
github.com/onescluster/coordinator/pkg/db/state_manager.go:173.47,175.16 2 0
github.com/onescluster/coordinator/pkg/db/state_manager.go:175.16,177.3 1 0
github.com/onescluster/coordinator/pkg/db/state_manager.go:179.2,191.20 7 0
github.com/onescluster/coordinator/pkg/db/state_manager.go:191.20,198.17 4 0
github.com/onescluster/coordinator/pkg/db/state_manager.go:198.17,202.60 3 0
github.com/onescluster/coordinator/pkg/db/state_manager.go:202.60,204.5 1 0
github.com/onescluster/coordinator/pkg/db/state_manager.go:205.4,205.12 1 0
github.com/onescluster/coordinator/pkg/db/state_manager.go:208.3,211.34 3 0
github.com/onescluster/coordinator/pkg/db/state_manager.go:214.2,214.20 1 0
github.com/onescluster/coordinator/pkg/db/state_manager.go:214.20,216.3 1 0
github.com/onescluster/coordinator/pkg/db/state_manager.go:218.2,218.12 1 0
github.com/onescluster/coordinator/pkg/db/state_manager.go:222.46,224.16 2 0
github.com/onescluster/coordinator/pkg/db/state_manager.go:224.16,226.3 1 0
github.com/onescluster/coordinator/pkg/db/state_manager.go:228.2,240.20 7 0
github.com/onescluster/coordinator/pkg/db/state_manager.go:240.20,245.17 4 0
github.com/onescluster/coordinator/pkg/db/state_manager.go:245.17,249.60 3 0
github.com/onescluster/coordinator/pkg/db/state_manager.go:249.60,251.5 1 0
github.com/onescluster/coordinator/pkg/db/state_manager.go:252.4,252.12 1 0
github.com/onescluster/coordinator/pkg/db/state_manager.go:255.3,258.32 3 0
github.com/onescluster/coordinator/pkg/db/state_manager.go:261.2,261.20 1 0
github.com/onescluster/coordinator/pkg/db/state_manager.go:261.20,263.3 1 0
github.com/onescluster/coordinator/pkg/db/state_manager.go:265.2,265.12 1 0
github.com/onescluster/coordinator/pkg/db/state_manager.go:269.41,271.2 1 0
github.com/onescluster/coordinator/pkg/db/state_manager.go:274.58,279.13 4 0
github.com/onescluster/coordinator/pkg/db/state_manager.go:279.13,281.3 1 0
github.com/onescluster/coordinator/pkg/db/state_manager.go:284.2,285.24 2 0
github.com/onescluster/coordinator/pkg/db/state_manager.go:289.47,294.32 4 0
github.com/onescluster/coordinator/pkg/db/state_manager.go:294.32,297.3 2 0
github.com/onescluster/coordinator/pkg/db/state_manager.go:299.2,299.14 1 0
github.com/onescluster/coordinator/pkg/db/state_manager.go:303.50,308.32 4 0
github.com/onescluster/coordinator/pkg/db/state_manager.go:308.32,309.38 1 0
github.com/onescluster/coordinator/pkg/db/state_manager.go:309.38,312.4 2 0
github.com/onescluster/coordinator/pkg/db/state_manager.go:315.2,315.14 1 0
github.com/onescluster/coordinator/pkg/db/state_manager.go:319.55,323.32 3 0
github.com/onescluster/coordinator/pkg/db/state_manager.go:323.32,324.20 1 0
github.com/onescluster/coordinator/pkg/db/state_manager.go:324.20,327.4 2 0
github.com/onescluster/coordinator/pkg/db/state_manager.go:330.2,330.19 1 0
github.com/onescluster/coordinator/pkg/db/state_manager.go:334.64,339.13 4 0
github.com/onescluster/coordinator/pkg/db/state_manager.go:339.13,341.3 1 0
github.com/onescluster/coordinator/pkg/db/state_manager.go:343.2,344.27 2 0
github.com/onescluster/coordinator/pkg/db/state_manager.go:348.53,353.38 4 0
github.com/onescluster/coordinator/pkg/db/state_manager.go:353.38,356.3 2 0
github.com/onescluster/coordinator/pkg/db/state_manager.go:358.2,358.17 1 0
github.com/onescluster/coordinator/pkg/db/state_manager.go:362.69,367.38 4 0
github.com/onescluster/coordinator/pkg/db/state_manager.go:367.38,368.31 1 0
github.com/onescluster/coordinator/pkg/db/state_manager.go:368.31,371.4 2 0
github.com/onescluster/coordinator/pkg/db/state_manager.go:374.2,374.17 1 0
github.com/onescluster/coordinator/pkg/db/state_manager.go:378.80,383.13 4 0
github.com/onescluster/coordinator/pkg/db/state_manager.go:383.13,385.3 1 0
github.com/onescluster/coordinator/pkg/db/state_manager.go:387.2,388.23 2 0
github.com/onescluster/coordinator/pkg/db/state_manager.go:392.64,397.13 4 0
github.com/onescluster/coordinator/pkg/db/state_manager.go:397.13,399.3 1 0
github.com/onescluster/coordinator/pkg/db/state_manager.go:401.2,401.25 1 0
github.com/onescluster/coordinator/pkg/db/state_manager.go:405.56,409.32 4 0
github.com/onescluster/coordinator/pkg/db/state_manager.go:409.32,410.38 1 0
github.com/onescluster/coordinator/pkg/db/state_manager.go:410.38,412.4 1 0
github.com/onescluster/coordinator/pkg/db/state_manager.go:414.2,419.38 5 0
github.com/onescluster/coordinator/pkg/db/state_manager.go:419.38,420.45 1 0
github.com/onescluster/coordinator/pkg/db/state_manager.go:420.45,422.4 1 0
github.com/onescluster/coordinator/pkg/db/state_manager.go:424.2,436.15 4 0
github.com/onescluster/coordinator/pkg/db/state_manager.go:436.15,438.3 1 0
github.com/onescluster/coordinator/pkg/db/state_manager.go:440.2,440.14 1 0
github.com/onescluster/coordinator/pkg/db/state_manager.go:444.55,446.2 1 0
github.com/onescluster/coordinator/pkg/db/state_manager.go:449.45,451.2 1 0
github.com/onescluster/coordinator/pkg/db/state_manager.go:455.77,456.22 1 0
github.com/onescluster/coordinator/pkg/db/state_manager.go:456.22,458.3 1 0
github.com/onescluster/coordinator/pkg/db/state_manager.go:459.2,459.42 1 0
github.com/onescluster/coordinator/pkg/db/state_manager.go:463.58,468.32 3 0
github.com/onescluster/coordinator/pkg/db/state_manager.go:468.32,469.43 1 0
github.com/onescluster/coordinator/pkg/db/state_manager.go:469.43,476.51 4 0
github.com/onescluster/coordinator/pkg/db/state_manager.go:476.51,478.5 1 0
github.com/onescluster/coordinator/pkg/db/state_manager.go:483.2,484.13 2 0
github.com/onescluster/coordinator/pkg/db/state_manager.go:484.13,486.3 1 0
github.com/onescluster/coordinator/pkg/db/state_manager.go:488.2,496.49 4 0
github.com/onescluster/coordinator/pkg/db/state_manager.go:496.49,498.3 1 0
github.com/onescluster/coordinator/pkg/db/state_manager.go:500.2,500.12 1 0
github.com/onescluster/coordinator/pkg/db/state_persistence.go:9.54,20.49 5 0
github.com/onescluster/coordinator/pkg/db/state_persistence.go:20.49,22.3 1 0
github.com/onescluster/coordinator/pkg/db/state_persistence.go:25.2,29.12 4 0
github.com/onescluster/coordinator/pkg/db/state_persistence.go:33.54,44.49 3 0
github.com/onescluster/coordinator/pkg/db/state_persistence.go:44.49,46.3 1 0
github.com/onescluster/coordinator/pkg/db/state_persistence.go:49.2,53.12 4 0
github.com/onescluster/coordinator/pkg/db/state_persistence.go:57.57,60.49 2 0
github.com/onescluster/coordinator/pkg/db/state_persistence.go:60.49,62.3 1 0
github.com/onescluster/coordinator/pkg/db/state_persistence.go:65.2,73.12 7 0
github.com/onescluster/coordinator/pkg/db/state_persistence.go:77.99,90.55 3 0
github.com/onescluster/coordinator/pkg/db/state_persistence.go:90.55,92.3 1 0
github.com/onescluster/coordinator/pkg/db/state_persistence.go:95.2,96.32 2 0
github.com/onescluster/coordinator/pkg/db/state_persistence.go:96.32,99.3 2 0
github.com/onescluster/coordinator/pkg/db/state_persistence.go:100.2,102.12 2 0
github.com/onescluster/coordinator/pkg/db/state_persistence.go:106.63,118.49 5 0
github.com/onescluster/coordinator/pkg/db/state_persistence.go:118.49,120.3 1 0
github.com/onescluster/coordinator/pkg/db/state_persistence.go:123.2,127.12 4 0
github.com/onescluster/coordinator/pkg/db/state_persistence.go:131.63,143.49 3 0
github.com/onescluster/coordinator/pkg/db/state_persistence.go:143.49,145.3 1 0
github.com/onescluster/coordinator/pkg/db/state_persistence.go:148.2,152.12 4 0
github.com/onescluster/coordinator/pkg/db/state_persistence.go:156.91,165.49 3 0
github.com/onescluster/coordinator/pkg/db/state_persistence.go:165.49,167.3 1 0
github.com/onescluster/coordinator/pkg/db/state_persistence.go:170.2,171.55 2 0
github.com/onescluster/coordinator/pkg/db/state_persistence.go:171.55,174.3 2 0
github.com/onescluster/coordinator/pkg/db/state_persistence.go:175.2,177.12 2 0
github.com/onescluster/coordinator/pkg/db/state_persistence.go:181.63,184.49 2 0
github.com/onescluster/coordinator/pkg/db/state_persistence.go:184.49,186.3 1 0
github.com/onescluster/coordinator/pkg/db/state_persistence.go:189.2,193.12 4 0
github.com/onescluster/coordinator/pkg/db/state_persistence.go:197.77,209.49 3 0
github.com/onescluster/coordinator/pkg/db/state_persistence.go:209.49,211.3 1 0
github.com/onescluster/coordinator/pkg/db/state_persistence.go:214.2,218.12 4 0
github.com/onescluster/coordinator/pkg/db/state_persistence.go:222.104,227.13 4 0
github.com/onescluster/coordinator/pkg/db/state_persistence.go:227.13,229.3 1 0
github.com/onescluster/coordinator/pkg/db/state_persistence.go:232.2,232.33 1 0
github.com/onescluster/coordinator/pkg/db/state_persistence.go:232.33,234.3 1 0
github.com/onescluster/coordinator/pkg/db/state_persistence.go:237.2,251.55 6 0
github.com/onescluster/coordinator/pkg/db/state_persistence.go:251.55,257.3 4 0
github.com/onescluster/coordinator/pkg/db/state_persistence.go:259.2,259.12 1 0
github.com/onescluster/coordinator/pkg/db/state_persistence.go:263.84,269.16 4 0
github.com/onescluster/coordinator/pkg/db/state_persistence.go:269.16,271.3 1 0
github.com/onescluster/coordinator/pkg/db/state_persistence.go:273.2,273.20 1 0
github.com/onescluster/coordinator/pkg/db/state_persistence.go:273.20,275.3 1 0
github.com/onescluster/coordinator/pkg/db/state_persistence.go:277.2,278.82 2 0
github.com/onescluster/coordinator/pkg/db/state_persistence.go:278.82,280.3 1 0
github.com/onescluster/coordinator/pkg/db/state_persistence.go:282.2,283.13 2 0
github.com/onescluster/coordinator/pkg/db/state_persistence.go:283.13,285.3 1 0
github.com/onescluster/coordinator/pkg/db/state_persistence.go:288.2,301.55 6 0
github.com/onescluster/coordinator/pkg/db/state_persistence.go:301.55,307.3 4 0
github.com/onescluster/coordinator/pkg/db/state_persistence.go:309.2,309.12 1 0
github.com/onescluster/coordinator/pkg/db/state_persistence.go:313.62,321.49 3 0
github.com/onescluster/coordinator/pkg/db/state_persistence.go:321.49,323.3 1 0
github.com/onescluster/coordinator/pkg/db/state_persistence.go:326.2,334.12 4 0
github.com/onescluster/coordinator/pkg/db/state_persistence.go:339.28,340.7 1 0
github.com/onescluster/coordinator/pkg/db/state_persistence.go:340.7,342.3 1 0
github.com/onescluster/coordinator/pkg/db/state_persistence.go:343.2,343.10 1 0
github.com/onescluster/coordinator/pkg/db/state_persistence.go:347.39,350.22 2 27
github.com/onescluster/coordinator/pkg/db/state_persistence.go:350.22,351.16 1 539
github.com/onescluster/coordinator/pkg/db/state_persistence.go:351.16,353.4 1 41
github.com/onescluster/coordinator/pkg/db/state_persistence.go:353.9,355.4 1 498
github.com/onescluster/coordinator/pkg/db/state_persistence.go:357.2,357.15 1 27
github.com/onescluster/coordinator/pkg/gossip/memberlist.go:53.47,74.16 8 8
github.com/onescluster/coordinator/pkg/gossip/memberlist.go:74.16,77.3 2 0
github.com/onescluster/coordinator/pkg/gossip/memberlist.go:79.2,82.24 2 8
github.com/onescluster/coordinator/pkg/gossip/memberlist.go:82.24,85.17 3 0
github.com/onescluster/coordinator/pkg/gossip/memberlist.go:85.17,87.4 1 0
github.com/onescluster/coordinator/pkg/gossip/memberlist.go:87.9,89.4 1 0
github.com/onescluster/coordinator/pkg/gossip/memberlist.go:93.2,93.31 1 8
github.com/onescluster/coordinator/pkg/gossip/memberlist.go:93.31,95.3 1 1
github.com/onescluster/coordinator/pkg/gossip/memberlist.go:97.2,97.17 1 8
github.com/onescluster/coordinator/pkg/gossip/memberlist.go:106.59,110.72 2 9
github.com/onescluster/coordinator/pkg/gossip/memberlist.go:110.72,112.3 1 0
github.com/onescluster/coordinator/pkg/gossip/memberlist.go:115.2,115.34 1 9
github.com/onescluster/coordinator/pkg/gossip/memberlist.go:119.60,123.74 2 9
github.com/onescluster/coordinator/pkg/gossip/memberlist.go:123.74,125.3 1 0
github.com/onescluster/coordinator/pkg/gossip/memberlist.go:128.2,128.34 1 9
github.com/onescluster/coordinator/pkg/gossip/memberlist.go:132.61,134.2 1 0
github.com/onescluster/coordinator/pkg/gossip/memberlist.go:137.44,141.19 3 21
github.com/onescluster/coordinator/pkg/gossip/memberlist.go:141.19,143.3 1 2
github.com/onescluster/coordinator/pkg/gossip/memberlist.go:145.2,148.33 3 19
github.com/onescluster/coordinator/pkg/gossip/memberlist.go:148.33,150.3 1 9
github.com/onescluster/coordinator/pkg/gossip/memberlist.go:152.2,152.16 1 19
github.com/onescluster/coordinator/pkg/gossip/memberlist.go:156.40,160.19 3 1
github.com/onescluster/coordinator/pkg/gossip/memberlist.go:160.19,162.3 1 0
github.com/onescluster/coordinator/pkg/gossip/memberlist.go:164.2,164.28 1 1
github.com/onescluster/coordinator/pkg/gossip/memberlist.go:168.65,170.13 2 18
github.com/onescluster/coordinator/pkg/gossip/memberlist.go:170.13,174.3 2 14
github.com/onescluster/coordinator/pkg/gossip/memberlist.go:176.2,179.36 3 4
github.com/onescluster/coordinator/pkg/gossip/memberlist.go:183.42,184.12 1 19
github.com/onescluster/coordinator/pkg/gossip/memberlist.go:184.12,191.77 5 19
github.com/onescluster/coordinator/pkg/gossip/memberlist.go:191.77,193.4 1 0
github.com/onescluster/coordinator/pkg/gossip/memberlist.go:198.57,202.6 3 1
github.com/onescluster/coordinator/pkg/gossip/memberlist.go:202.6,203.10 1 1
github.com/onescluster/coordinator/pkg/gossip/memberlist.go:204.23,205.10 1 1
github.com/onescluster/coordinator/pkg/gossip/memberlist.go:206.19,207.24 1 0
github.com/onescluster/coordinator/pkg/gossip/memberlist.go:213.38,216.12 2 1
github.com/onescluster/coordinator/pkg/gossip/memberlist.go:216.12,218.53 2 1
github.com/onescluster/coordinator/pkg/gossip/memberlist.go:218.53,220.4 1 0
github.com/onescluster/coordinator/pkg/gossip/memberlist.go:224.2,224.20 1 1
github.com/onescluster/coordinator/pkg/gossip/memberlist.go:228.36,233.35 4 2
github.com/onescluster/coordinator/pkg/gossip/memberlist.go:233.35,235.36 2 3
github.com/onescluster/coordinator/pkg/gossip/memberlist.go:235.36,240.54 3 1
github.com/onescluster/coordinator/pkg/gossip/memberlist.go:240.54,242.5 1 0
github.com/onescluster/coordinator/pkg/gossip/memberlist.go:245.4,245.28 1 1
github.com/onescluster/coordinator/pkg/gossip/memberlist.go:251.36,256.19 3 8
github.com/onescluster/coordinator/pkg/gossip/memberlist.go:256.19,257.56 1 8
github.com/onescluster/coordinator/pkg/gossip/memberlist.go:257.56,259.4 1 0
github.com/onescluster/coordinator/pkg/gossip/memberlist.go:261.3,261.43 1 8
github.com/onescluster/coordinator/pkg/gossip/memberlist.go:261.43,263.4 1 0
github.com/onescluster/coordinator/pkg/gossip/memberlist.go:266.2,266.12 1 8
github.com/onescluster/coordinator/pkg/gossip/memberlist.go:270.43,279.2 6 1
github.com/onescluster/coordinator/pkg/grpc/server.go:19.49,23.2 1 4
github.com/onescluster/coordinator/pkg/grpc/server.go:33.115,34.37 1 4
github.com/onescluster/coordinator/pkg/grpc/server.go:34.37,39.3 1 0
github.com/onescluster/coordinator/pkg/grpc/server.go:41.2,43.29 3 4
github.com/onescluster/coordinator/pkg/grpc/server.go:43.29,48.3 1 1
github.com/onescluster/coordinator/pkg/grpc/server.go:50.2,51.21 2 3
github.com/onescluster/coordinator/pkg/grpc/server.go:51.21,53.34 2 3
github.com/onescluster/coordinator/pkg/grpc/server.go:53.34,55.4 1 3
github.com/onescluster/coordinator/pkg/grpc/server.go:56.3,56.33 1 3
github.com/onescluster/coordinator/pkg/grpc/server.go:56.33,58.4 1 1
github.com/onescluster/coordinator/pkg/grpc/server.go:59.3,59.39 1 3
github.com/onescluster/coordinator/pkg/grpc/server.go:59.39,61.4 1 3
github.com/onescluster/coordinator/pkg/grpc/server.go:64.2,64.19 1 3
github.com/onescluster/coordinator/pkg/grpc/server.go:64.19,66.3 1 2
github.com/onescluster/coordinator/pkg/grpc/server.go:68.2,69.22 2 3
github.com/onescluster/coordinator/pkg/grpc/server.go:69.22,71.3 1 1
github.com/onescluster/coordinator/pkg/grpc/server.go:73.2,73.66 1 3
github.com/onescluster/coordinator/pkg/grpc/server.go:73.66,79.3 2 0
github.com/onescluster/coordinator/pkg/grpc/server.go:81.2,86.8 2 3
github.com/onescluster/coordinator/pkg/api/capsule_handler.go:19.96,24.2 1 9
github.com/onescluster/coordinator/pkg/api/capsule_handler.go:28.83,29.32 1 3
github.com/onescluster/coordinator/pkg/api/capsule_handler.go:29.32,32.3 2 1
github.com/onescluster/coordinator/pkg/api/capsule_handler.go:36.2,38.20 3 2
github.com/onescluster/coordinator/pkg/api/capsule_handler.go:38.20,41.3 2 0
github.com/onescluster/coordinator/pkg/api/capsule_handler.go:42.2,44.21 2 2
github.com/onescluster/coordinator/pkg/api/capsule_handler.go:44.21,47.3 2 0
github.com/onescluster/coordinator/pkg/api/capsule_handler.go:49.2,53.16 3 2
github.com/onescluster/coordinator/pkg/api/capsule_handler.go:53.16,54.57 1 1
github.com/onescluster/coordinator/pkg/api/capsule_handler.go:54.57,56.4 1 1
github.com/onescluster/coordinator/pkg/api/capsule_handler.go:56.9,58.4 1 0
github.com/onescluster/coordinator/pkg/api/capsule_handler.go:59.3,59.9 1 1
github.com/onescluster/coordinator/pkg/api/capsule_handler.go:62.2,64.36 3 1
github.com/onescluster/coordinator/pkg/api/capsule_handler.go:69.85,70.32 1 3
github.com/onescluster/coordinator/pkg/api/capsule_handler.go:70.32,73.3 2 1
github.com/onescluster/coordinator/pkg/api/capsule_handler.go:75.2,79.16 3 2
github.com/onescluster/coordinator/pkg/api/capsule_handler.go:79.16,82.3 2 0
github.com/onescluster/coordinator/pkg/api/capsule_handler.go:84.2,91.37 4 2
github.com/onescluster/coordinator/pkg/api/capsule_handler.go:96.86,97.35 1 3
github.com/onescluster/coordinator/pkg/api/capsule_handler.go:97.35,100.3 2 1
github.com/onescluster/coordinator/pkg/api/capsule_handler.go:103.2,105.20 3 2
github.com/onescluster/coordinator/pkg/api/capsule_handler.go:105.20,108.3 2 0
github.com/onescluster/coordinator/pkg/api/capsule_handler.go:109.2,111.21 2 2
github.com/onescluster/coordinator/pkg/api/capsule_handler.go:111.21,114.3 2 0
github.com/onescluster/coordinator/pkg/api/capsule_handler.go:116.2,126.16 3 2
github.com/onescluster/coordinator/pkg/api/capsule_handler.go:126.16,127.57 1 1
github.com/onescluster/coordinator/pkg/api/capsule_handler.go:127.57,129.4 1 1
github.com/onescluster/coordinator/pkg/api/capsule_handler.go:129.9,131.4 1 0
github.com/onescluster/coordinator/pkg/api/capsule_handler.go:132.3,132.9 1 1
github.com/onescluster/coordinator/pkg/api/capsule_handler.go:135.2,142.37 4 1
github.com/onescluster/coordinator/pkg/api/deploy_handler.go:46.65,47.14 1 0
github.com/onescluster/coordinator/pkg/api/deploy_handler.go:47.14,49.3 1 0
github.com/onescluster/coordinator/pkg/api/deploy_handler.go:51.2,52.29 2 0
github.com/onescluster/coordinator/pkg/api/deploy_handler.go:52.29,54.45 2 0
github.com/onescluster/coordinator/pkg/api/deploy_handler.go:54.45,56.4 1 0
github.com/onescluster/coordinator/pkg/api/deploy_handler.go:59.2,71.30 4 0
github.com/onescluster/coordinator/pkg/api/deploy_handler.go:71.30,78.3 1 0
github.com/onescluster/coordinator/pkg/api/deploy_handler.go:80.2,85.8 1 0
github.com/onescluster/coordinator/pkg/api/deploy_handler.go:88.52,89.19 1 0
github.com/onescluster/coordinator/pkg/api/deploy_handler.go:89.19,91.3 1 0
github.com/onescluster/coordinator/pkg/api/deploy_handler.go:92.2,93.25 2 0
github.com/onescluster/coordinator/pkg/api/deploy_handler.go:93.25,94.15 1 0
github.com/onescluster/coordinator/pkg/api/deploy_handler.go:94.15,95.12 1 0
github.com/onescluster/coordinator/pkg/api/deploy_handler.go:97.3,98.22 2 0
github.com/onescluster/coordinator/pkg/api/deploy_handler.go:98.22,100.4 1 0
github.com/onescluster/coordinator/pkg/api/deploy_handler.go:102.2,102.15 1 0
github.com/onescluster/coordinator/pkg/api/deploy_handler.go:125.89,132.2 1 0
github.com/onescluster/coordinator/pkg/api/deploy_handler.go:144.78,145.33 1 0
github.com/onescluster/coordinator/pkg/api/deploy_handler.go:145.33,148.3 2 0
github.com/onescluster/coordinator/pkg/api/deploy_handler.go:150.2,154.16 3 0
github.com/onescluster/coordinator/pkg/api/deploy_handler.go:154.16,158.3 3 0
github.com/onescluster/coordinator/pkg/api/deploy_handler.go:159.2,162.23 2 0
github.com/onescluster/coordinator/pkg/api/deploy_handler.go:162.23,164.17 2 0
github.com/onescluster/coordinator/pkg/api/deploy_handler.go:164.17,167.4 1 0
github.com/onescluster/coordinator/pkg/api/deploy_handler.go:167.9,167.20 1 0
github.com/onescluster/coordinator/pkg/api/deploy_handler.go:167.20,171.4 3 0
github.com/onescluster/coordinator/pkg/api/deploy_handler.go:171.9,173.4 1 0
github.com/onescluster/coordinator/pkg/api/deploy_handler.go:176.2,177.56 2 0
github.com/onescluster/coordinator/pkg/api/deploy_handler.go:177.56,181.3 3 0
github.com/onescluster/coordinator/pkg/api/deploy_handler.go:183.2,187.36 3 0
github.com/onescluster/coordinator/pkg/api/deploy_handler.go:187.36,191.3 3 0
github.com/onescluster/coordinator/pkg/api/deploy_handler.go:193.2,197.51 2 0
github.com/onescluster/coordinator/pkg/api/deploy_handler.go:197.51,199.3 1 0
github.com/onescluster/coordinator/pkg/api/deploy_handler.go:201.2,202.38 2 0
github.com/onescluster/coordinator/pkg/api/deploy_handler.go:202.38,204.3 1 0
github.com/onescluster/coordinator/pkg/api/deploy_handler.go:207.2,209.16 3 0
github.com/onescluster/coordinator/pkg/api/deploy_handler.go:209.16,213.3 3 0
github.com/onescluster/coordinator/pkg/api/deploy_handler.go:215.2,215.23 1 0
github.com/onescluster/coordinator/pkg/api/deploy_handler.go:215.23,219.3 3 0
github.com/onescluster/coordinator/pkg/api/deploy_handler.go:221.2,225.16 3 0
github.com/onescluster/coordinator/pkg/api/deploy_handler.go:225.16,229.3 3 0
github.com/onescluster/coordinator/pkg/api/deploy_handler.go:231.2,238.82 4 0
github.com/onescluster/coordinator/pkg/api/deploy_handler.go:238.82,242.3 3 0
github.com/onescluster/coordinator/pkg/api/deploy_handler.go:244.2,249.16 4 0
github.com/onescluster/coordinator/pkg/api/deploy_handler.go:249.16,252.99 2 0
github.com/onescluster/coordinator/pkg/api/deploy_handler.go:252.99,254.4 1 0
github.com/onescluster/coordinator/pkg/api/deploy_handler.go:255.3,256.9 2 0
github.com/onescluster/coordinator/pkg/api/deploy_handler.go:260.2,270.37 5 0
github.com/onescluster/coordinator/pkg/api/deploy_handler.go:274.157,279.33 3 0
github.com/onescluster/coordinator/pkg/api/deploy_handler.go:279.33,282.17 3 0
github.com/onescluster/coordinator/pkg/api/deploy_handler.go:282.17,284.4 1 0
github.com/onescluster/coordinator/pkg/api/deploy_handler.go:285.3,285.23 1 0
github.com/onescluster/coordinator/pkg/api/deploy_handler.go:285.23,287.4 1 0
github.com/onescluster/coordinator/pkg/api/deploy_handler.go:288.8,302.17 6 0
github.com/onescluster/coordinator/pkg/api/deploy_handler.go:302.17,304.4 1 0
github.com/onescluster/coordinator/pkg/api/deploy_handler.go:305.3,307.41 2 0
github.com/onescluster/coordinator/pkg/api/deploy_handler.go:311.2,312.16 2 0
github.com/onescluster/coordinator/pkg/api/deploy_handler.go:312.16,314.3 1 0
github.com/onescluster/coordinator/pkg/api/deploy_handler.go:316.2,323.16 3 0
github.com/onescluster/coordinator/pkg/api/deploy_handler.go:323.16,325.3 1 0
github.com/onescluster/coordinator/pkg/api/deploy_handler.go:327.2,327.18 1 0
github.com/onescluster/coordinator/pkg/api/health_handler.go:22.40,27.2 1 6
github.com/onescluster/coordinator/pkg/api/health_handler.go:30.72,32.2 1 4
github.com/onescluster/coordinator/pkg/api/health_handler.go:50.78,51.32 1 2
github.com/onescluster/coordinator/pkg/api/health_handler.go:51.32,54.3 2 1
github.com/onescluster/coordinator/pkg/api/health_handler.go:56.2,67.37 5 1
github.com/onescluster/coordinator/pkg/api/health_handler.go:71.81,72.32 1 3
github.com/onescluster/coordinator/pkg/api/health_handler.go:72.32,75.3 2 0
github.com/onescluster/coordinator/pkg/api/health_handler.go:78.2,84.40 5 3
github.com/onescluster/coordinator/pkg/api/health_handler.go:84.40,85.44 1 4
github.com/onescluster/coordinator/pkg/api/health_handler.go:85.44,91.4 2 1
github.com/onescluster/coordinator/pkg/api/health_handler.go:91.9,95.4 1 3
github.com/onescluster/coordinator/pkg/api/health_handler.go:98.2,108.16 3 3
github.com/onescluster/coordinator/pkg/api/health_handler.go:108.16,111.3 2 2
github.com/onescluster/coordinator/pkg/api/health_handler.go:111.8,114.3 2 1
github.com/onescluster/coordinator/pkg/api/health_handler.go:116.2,116.35 1 3
github.com/onescluster/coordinator/pkg/api/health_handler.go:120.80,121.32 1 1
github.com/onescluster/coordinator/pkg/api/health_handler.go:121.32,124.3 2 0
github.com/onescluster/coordinator/pkg/api/health_handler.go:127.2,128.26 2 1
github.com/onescluster/coordinator/pkg/api/logs_handler.go:22.36,27.44 1 5
github.com/onescluster/coordinator/pkg/api/logs_handler.go:27.44,30.5 1 2
github.com/onescluster/coordinator/pkg/api/logs_handler.go:44.81,48.21 2 3
github.com/onescluster/coordinator/pkg/api/logs_handler.go:48.21,51.3 2 1
github.com/onescluster/coordinator/pkg/api/logs_handler.go:54.2,57.19 4 2
github.com/onescluster/coordinator/pkg/api/logs_handler.go:57.19,58.59 1 1
github.com/onescluster/coordinator/pkg/api/logs_handler.go:58.59,60.4 1 1
github.com/onescluster/coordinator/pkg/api/logs_handler.go:64.2,65.16 2 2
github.com/onescluster/coordinator/pkg/api/logs_handler.go:65.16,68.3 2 0
github.com/onescluster/coordinator/pkg/api/logs_handler.go:69.2,76.73 4 2
github.com/onescluster/coordinator/pkg/api/logs_handler.go:76.73,80.3 1 0
github.com/onescluster/coordinator/pkg/api/logs_handler.go:84.124,90.39 2 2
github.com/onescluster/coordinator/pkg/api/logs_handler.go:90.39,92.17 2 7
github.com/onescluster/coordinator/pkg/api/logs_handler.go:92.17,94.4 1 0
github.com/onescluster/coordinator/pkg/api/logs_handler.go:96.3,96.72 1 7
github.com/onescluster/coordinator/pkg/api/logs_handler.go:96.72,98.4 1 0
github.com/onescluster/coordinator/pkg/api/logs_handler.go:102.2,102.12 1 2
github.com/onescluster/coordinator/pkg/api/logs_handler.go:102.12,106.7 3 1
github.com/onescluster/coordinator/pkg/api/logs_handler.go:106.7,107.11 1 4
github.com/onescluster/coordinator/pkg/api/logs_handler.go:108.22,109.15 1 0
github.com/onescluster/coordinator/pkg/api/logs_handler.go:110.20,120.19 3 3
github.com/onescluster/coordinator/pkg/api/logs_handler.go:120.19,122.6 1 0
github.com/onescluster/coordinator/pkg/api/logs_handler.go:124.5,124.74 1 3
github.com/onescluster/coordinator/pkg/api/logs_handler.go:124.74,126.6 1 0
github.com/onescluster/coordinator/pkg/api/logs_handler.go:131.2,131.12 1 1
github.com/onescluster/coordinator/pkg/api/logs_handler.go:136.80,141.37 3 3
github.com/onescluster/coordinator/pkg/api/logs_handler.go:141.37,147.3 1 12
github.com/onescluster/coordinator/pkg/api/logs_handler.go:149.2,149.16 1 3
github.com/onescluster/coordinator/pkg/api/logs_handler.go:154.51,161.41 3 9
github.com/onescluster/coordinator/pkg/api/logs_handler.go:161.41,163.3 1 2
github.com/onescluster/coordinator/pkg/api/logs_handler.go:165.2,165.34 1 7
github.com/onescluster/coordinator/pkg/api/logs_handler.go:165.34,167.3 1 1
github.com/onescluster/coordinator/pkg/api/logs_handler.go:169.2,170.34 2 6
github.com/onescluster/coordinator/pkg/api/logs_handler.go:170.34,172.3 1 0
github.com/onescluster/coordinator/pkg/api/logs_handler.go:174.2,174.54 1 6
github.com/onescluster/coordinator/pkg/api/logs_handler.go:174.54,176.3 1 1
github.com/onescluster/coordinator/pkg/api/logs_handler.go:178.2,178.47 1 5
github.com/onescluster/coordinator/pkg/api/node_handler.go:17.59,21.2 1 0
github.com/onescluster/coordinator/pkg/api/node_handler.go:48.79,49.32 1 0
github.com/onescluster/coordinator/pkg/api/node_handler.go:49.32,52.3 2 0
github.com/onescluster/coordinator/pkg/api/node_handler.go:54.2,58.16 3 0
github.com/onescluster/coordinator/pkg/api/node_handler.go:58.16,61.3 2 0
github.com/onescluster/coordinator/pkg/api/node_handler.go:64.2,65.27 2 0
github.com/onescluster/coordinator/pkg/api/node_handler.go:65.27,82.3 3 0
github.com/onescluster/coordinator/pkg/api/node_handler.go:84.2,91.37 4 0
github.com/onescluster/coordinator/pkg/api/node_handler.go:96.77,97.32 1 0
github.com/onescluster/coordinator/pkg/api/node_handler.go:97.32,100.3 2 0
github.com/onescluster/coordinator/pkg/api/node_handler.go:104.2,104.65 1 0
github.com/onescluster/coordinator/pkg/master/election.go:53.45,54.25 1 10
github.com/onescluster/coordinator/pkg/master/election.go:54.25,56.3 1 3
github.com/onescluster/coordinator/pkg/master/election.go:57.2,57.25 1 10
github.com/onescluster/coordinator/pkg/master/election.go:57.25,59.3 1 3
github.com/onescluster/coordinator/pkg/master/election.go:61.2,67.3 1 10
github.com/onescluster/coordinator/pkg/master/election.go:72.89,78.26 4 11
github.com/onescluster/coordinator/pkg/master/election.go:78.26,81.3 2 1
github.com/onescluster/coordinator/pkg/master/election.go:84.2,85.16 2 10
github.com/onescluster/coordinator/pkg/master/election.go:85.16,88.38 2 1
github.com/onescluster/coordinator/pkg/master/election.go:88.38,91.4 2 1
github.com/onescluster/coordinator/pkg/master/election.go:92.3,92.17 1 0
github.com/onescluster/coordinator/pkg/master/election.go:96.2,99.17 4 9
github.com/onescluster/coordinator/pkg/master/election.go:99.17,101.3 1 0
github.com/onescluster/coordinator/pkg/master/election.go:104.2,104.42 1 9
github.com/onescluster/coordinator/pkg/master/election.go:104.42,109.3 3 1
github.com/onescluster/coordinator/pkg/master/election.go:112.2,115.36 3 8
github.com/onescluster/coordinator/pkg/master/election.go:115.36,117.17 2 20
github.com/onescluster/coordinator/pkg/master/election.go:117.17,119.12 2 2
github.com/onescluster/coordinator/pkg/master/election.go:122.3,122.62 1 18
github.com/onescluster/coordinator/pkg/master/election.go:122.62,125.4 2 11
github.com/onescluster/coordinator/pkg/master/election.go:128.2,128.22 1 8
github.com/onescluster/coordinator/pkg/master/election.go:128.22,131.3 2 1
github.com/onescluster/coordinator/pkg/master/election.go:134.2,139.57 4 7
github.com/onescluster/coordinator/pkg/master/election.go:139.57,142.3 1 0
github.com/onescluster/coordinator/pkg/master/election.go:145.2,145.82 1 7
github.com/onescluster/coordinator/pkg/master/election.go:145.82,147.3 1 0
github.com/onescluster/coordinator/pkg/master/election.go:149.2,152.24 2 7
github.com/onescluster/coordinator/pkg/master/election.go:156.72,159.55 2 10
github.com/onescluster/coordinator/pkg/master/election.go:159.55,160.18 1 14
github.com/onescluster/coordinator/pkg/master/election.go:160.18,163.4 2 4
github.com/onescluster/coordinator/pkg/master/election.go:165.3,166.17 2 14
github.com/onescluster/coordinator/pkg/master/election.go:166.17,168.4 1 9
github.com/onescluster/coordinator/pkg/master/election.go:170.3,172.102 3 5
github.com/onescluster/coordinator/pkg/master/election.go:175.2,175.77 1 1
github.com/onescluster/coordinator/pkg/master/election.go:179.39,180.20 1 1
github.com/onescluster/coordinator/pkg/master/election.go:180.20,182.3 1 0
github.com/onescluster/coordinator/pkg/master/election.go:183.2,185.92 3 1
github.com/onescluster/coordinator/pkg/master/election.go:189.35,193.2 3 3
github.com/onescluster/coordinator/pkg/master/election.go:196.40,200.2 3 2
github.com/onescluster/coordinator/pkg/master/election.go:203.37,207.2 3 1
github.com/onescluster/coordinator/pkg/master/election.go:210.85,222.2 2 7
github.com/onescluster/coordinator/pkg/master/election.go:226.92,231.26 4 1
github.com/onescluster/coordinator/pkg/master/election.go:231.26,233.3 1 0
github.com/onescluster/coordinator/pkg/master/election.go:236.2,237.36 2 1
github.com/onescluster/coordinator/pkg/master/election.go:237.36,238.30 1 2
github.com/onescluster/coordinator/pkg/master/election.go:238.30,240.9 2 0
github.com/onescluster/coordinator/pkg/master/election.go:244.2,244.41 1 1
github.com/onescluster/coordinator/pkg/master/election.go:244.41,246.59 2 1
github.com/onescluster/coordinator/pkg/master/election.go:246.59,249.4 2 0
github.com/onescluster/coordinator/pkg/master/election.go:252.2,252.12 1 1
github.com/onescluster/coordinator/pkg/proto/coordinator.pb.go:52.46,56.2 3 0
github.com/onescluster/coordinator/pkg/proto/coordinator.pb.go:58.40,60.2 1 0
github.com/onescluster/coordinator/pkg/proto/coordinator.pb.go:62.63,64.2 1 0
github.com/onescluster/coordinator/pkg/proto/coordinator.pb.go:66.51,68.2 1 0
github.com/onescluster/coordinator/pkg/proto/coordinator.pb.go:70.57,72.2 1 0
github.com/onescluster/coordinator/pkg/proto/coordinator.pb.go:75.55,77.2 1 0
github.com/onescluster/coordinator/pkg/proto/coordinator.pb.go:101.42,105.2 3 0
github.com/onescluster/coordinator/pkg/proto/coordinator.pb.go:107.38,109.2 1 0
github.com/onescluster/coordinator/pkg/proto/coordinator.pb.go:111.61,113.2 1 0
github.com/onescluster/coordinator/pkg/proto/coordinator.pb.go:115.49,117.2 1 0
github.com/onescluster/coordinator/pkg/proto/coordinator.pb.go:119.55,121.2 1 0
github.com/onescluster/coordinator/pkg/proto/coordinator.pb.go:124.53,126.2 1 0
github.com/onescluster/coordinator/pkg/proto/coordinator.pb.go:136.39,141.2 4 0
github.com/onescluster/coordinator/pkg/proto/coordinator.pb.go:143.47,145.2 1 0
github.com/onescluster/coordinator/pkg/proto/coordinator.pb.go:147.45,147.46 0 0
github.com/onescluster/coordinator/pkg/proto/coordinator.pb.go:149.67,151.14 2 0
github.com/onescluster/coordinator/pkg/proto/coordinator.pb.go:151.14,153.34 2 0
github.com/onescluster/coordinator/pkg/proto/coordinator.pb.go:153.34,155.4 1 0
github.com/onescluster/coordinator/pkg/proto/coordinator.pb.go:156.3,156.12 1 0
github.com/onescluster/coordinator/pkg/proto/coordinator.pb.go:158.2,158.24 1 0
github.com/onescluster/coordinator/pkg/proto/coordinator.pb.go:162.58,164.2 1 0
github.com/onescluster/coordinator/pkg/proto/coordinator.pb.go:166.54,167.14 1 0
github.com/onescluster/coordinator/pkg/proto/coordinator.pb.go:167.14,169.3 1 0
github.com/onescluster/coordinator/pkg/proto/coordinator.pb.go:170.2,170.12 1 0
github.com/onescluster/coordinator/pkg/proto/coordinator.pb.go:181.40,186.2 4 0
github.com/onescluster/coordinator/pkg/proto/coordinator.pb.go:188.48,190.2 1 0
github.com/onescluster/coordinator/pkg/proto/coordinator.pb.go:192.46,192.47 0 0
github.com/onescluster/coordinator/pkg/proto/coordinator.pb.go:194.68,196.14 2 0
github.com/onescluster/coordinator/pkg/proto/coordinator.pb.go:196.14,198.34 2 0
github.com/onescluster/coordinator/pkg/proto/coordinator.pb.go:198.34,200.4 1 0
github.com/onescluster/coordinator/pkg/proto/coordinator.pb.go:201.3,201.12 1 0
github.com/onescluster/coordinator/pkg/proto/coordinator.pb.go:203.2,203.24 1 0
github.com/onescluster/coordinator/pkg/proto/coordinator.pb.go:207.59,209.2 1 0
github.com/onescluster/coordinator/pkg/proto/coordinator.pb.go:211.50,212.14 1 0
github.com/onescluster/coordinator/pkg/proto/coordinator.pb.go:212.14,214.3 1 0
github.com/onescluster/coordinator/pkg/proto/coordinator.pb.go:215.2,215.14 1 0
github.com/onescluster/coordinator/pkg/proto/coordinator.pb.go:218.52,219.14 1 0
github.com/onescluster/coordinator/pkg/proto/coordinator.pb.go:219.14,221.3 1 0
github.com/onescluster/coordinator/pkg/proto/coordinator.pb.go:222.2,222.11 1 0
github.com/onescluster/coordinator/pkg/proto/coordinator.pb.go:238.29,243.2 4 0
github.com/onescluster/coordinator/pkg/proto/coordinator.pb.go:245.37,247.2 1 0
github.com/onescluster/coordinator/pkg/proto/coordinator.pb.go:249.35,249.36 0 0
github.com/onescluster/coordinator/pkg/proto/coordinator.pb.go:251.57,253.14 2 0
github.com/onescluster/coordinator/pkg/proto/coordinator.pb.go:253.14,255.34 2 0
github.com/onescluster/coordinator/pkg/proto/coordinator.pb.go:255.34,257.4 1 0
github.com/onescluster/coordinator/pkg/proto/coordinator.pb.go:258.3,258.12 1 0
github.com/onescluster/coordinator/pkg/proto/coordinator.pb.go:260.2,260.24 1 0
github.com/onescluster/coordinator/pkg/proto/coordinator.pb.go:264.48,266.2 1 0
github.com/onescluster/coordinator/pkg/proto/coordinator.pb.go:268.39,269.14 1 0
github.com/onescluster/coordinator/pkg/proto/coordinator.pb.go:269.14,271.3 1 0
github.com/onescluster/coordinator/pkg/proto/coordinator.pb.go:272.2,272.11 1 0
github.com/onescluster/coordinator/pkg/proto/coordinator.pb.go:275.50,276.14 1 0
github.com/onescluster/coordinator/pkg/proto/coordinator.pb.go:276.14,278.3 1 0
github.com/onescluster/coordinator/pkg/proto/coordinator.pb.go:279.2,279.12 1 0
github.com/onescluster/coordinator/pkg/proto/coordinator.pb.go:282.61,283.14 1 0
github.com/onescluster/coordinator/pkg/proto/coordinator.pb.go:283.14,285.3 1 0
github.com/onescluster/coordinator/pkg/proto/coordinator.pb.go:286.2,286.12 1 0
github.com/onescluster/coordinator/pkg/proto/coordinator.pb.go:289.42,290.14 1 0
github.com/onescluster/coordinator/pkg/proto/coordinator.pb.go:290.14,292.3 1 0
github.com/onescluster/coordinator/pkg/proto/coordinator.pb.go:293.2,293.12 1 0
github.com/onescluster/coordinator/pkg/proto/coordinator.pb.go:296.55,297.14 1 0
github.com/onescluster/coordinator/pkg/proto/coordinator.pb.go:297.14,299.3 1 0
github.com/onescluster/coordinator/pkg/proto/coordinator.pb.go:300.2,300.10 1 0
github.com/onescluster/coordinator/pkg/proto/coordinator.pb.go:303.38,304.14 1 0
github.com/onescluster/coordinator/pkg/proto/coordinator.pb.go:304.14,306.3 1 0
github.com/onescluster/coordinator/pkg/proto/coordinator.pb.go:307.2,307.14 1 0
github.com/onescluster/coordinator/pkg/proto/coordinator.pb.go:322.33,327.2 4 0
github.com/onescluster/coordinator/pkg/proto/coordinator.pb.go:329.41,331.2 1 0
github.com/onescluster/coordinator/pkg/proto/coordinator.pb.go:333.39,333.40 0 0
github.com/onescluster/coordinator/pkg/proto/coordinator.pb.go:335.61,337.14 2 0
github.com/onescluster/coordinator/pkg/proto/coordinator.pb.go:337.14,339.34 2 0
github.com/onescluster/coordinator/pkg/proto/coordinator.pb.go:339.34,341.4 1 0
github.com/onescluster/coordinator/pkg/proto/coordinator.pb.go:342.3,342.12 1 0
github.com/onescluster/coordinator/pkg/proto/coordinator.pb.go:344.2,344.24 1 0
github.com/onescluster/coordinator/pkg/proto/coordinator.pb.go:348.52,350.2 1 0
github.com/onescluster/coordinator/pkg/proto/coordinator.pb.go:352.46,353.14 1 0
github.com/onescluster/coordinator/pkg/proto/coordinator.pb.go:353.14,355.3 1 0
github.com/onescluster/coordinator/pkg/proto/coordinator.pb.go:356.2,356.12 1 0
github.com/onescluster/coordinator/pkg/proto/coordinator.pb.go:359.55,360.14 1 0
github.com/onescluster/coordinator/pkg/proto/coordinator.pb.go:360.14,362.3 1 0
github.com/onescluster/coordinator/pkg/proto/coordinator.pb.go:363.2,363.11 1 0
github.com/onescluster/coordinator/pkg/proto/coordinator.pb.go:366.57,367.14 1 0
github.com/onescluster/coordinator/pkg/proto/coordinator.pb.go:367.14,369.3 1 0
github.com/onescluster/coordinator/pkg/proto/coordinator.pb.go:370.2,370.11 1 0
github.com/onescluster/coordinator/pkg/proto/coordinator.pb.go:373.52,374.14 1 0
github.com/onescluster/coordinator/pkg/proto/coordinator.pb.go:374.14,376.3 1 0
github.com/onescluster/coordinator/pkg/proto/coordinator.pb.go:377.2,377.10 1 0
github.com/onescluster/coordinator/pkg/proto/coordinator.pb.go:380.51,381.14 1 0
github.com/onescluster/coordinator/pkg/proto/coordinator.pb.go:381.14,383.3 1 0
github.com/onescluster/coordinator/pkg/proto/coordinator.pb.go:384.2,384.10 1 0
github.com/onescluster/coordinator/pkg/proto/coordinator.pb.go:399.27,404.2 4 0
github.com/onescluster/coordinator/pkg/proto/coordinator.pb.go:406.35,408.2 1 0
github.com/onescluster/coordinator/pkg/proto/coordinator.pb.go:410.33,410.34 0 0
github.com/onescluster/coordinator/pkg/proto/coordinator.pb.go:412.55,414.14 2 0
github.com/onescluster/coordinator/pkg/proto/coordinator.pb.go:414.14,416.34 2 0
github.com/onescluster/coordinator/pkg/proto/coordinator.pb.go:416.34,418.4 1 0
github.com/onescluster/coordinator/pkg/proto/coordinator.pb.go:419.3,419.12 1 0
github.com/onescluster/coordinator/pkg/proto/coordinator.pb.go:421.2,421.24 1 0
github.com/onescluster/coordinator/pkg/proto/coordinator.pb.go:425.46,427.2 1 0
github.com/onescluster/coordinator/pkg/proto/coordinator.pb.go:429.37,430.14 1 0
github.com/onescluster/coordinator/pkg/proto/coordinator.pb.go:430.14,432.3 1 0
github.com/onescluster/coordinator/pkg/proto/coordinator.pb.go:433.2,433.10 1 0
github.com/onescluster/coordinator/pkg/proto/coordinator.pb.go:436.42,437.14 1 0
github.com/onescluster/coordinator/pkg/proto/coordinator.pb.go:437.14,439.3 1 0
github.com/onescluster/coordinator/pkg/proto/coordinator.pb.go:440.2,440.11 1 0
github.com/onescluster/coordinator/pkg/proto/coordinator.pb.go:443.46,444.14 1 0
github.com/onescluster/coordinator/pkg/proto/coordinator.pb.go:444.14,446.3 1 0
github.com/onescluster/coordinator/pkg/proto/coordinator.pb.go:447.2,447.10 1 0
github.com/onescluster/coordinator/pkg/proto/coordinator.pb.go:450.53,451.14 1 0
github.com/onescluster/coordinator/pkg/proto/coordinator.pb.go:451.14,453.3 1 0
github.com/onescluster/coordinator/pkg/proto/coordinator.pb.go:454.2,454.11 1 0
github.com/onescluster/coordinator/pkg/proto/coordinator.pb.go:457.50,458.14 1 0
github.com/onescluster/coordinator/pkg/proto/coordinator.pb.go:458.14,460.3 1 0
github.com/onescluster/coordinator/pkg/proto/coordinator.pb.go:461.2,461.10 1 0
github.com/onescluster/coordinator/pkg/proto/coordinator.pb.go:477.34,482.2 4 0
github.com/onescluster/coordinator/pkg/proto/coordinator.pb.go:484.42,486.2 1 0
github.com/onescluster/coordinator/pkg/proto/coordinator.pb.go:488.40,488.41 0 0
github.com/onescluster/coordinator/pkg/proto/coordinator.pb.go:490.62,492.14 2 0
github.com/onescluster/coordinator/pkg/proto/coordinator.pb.go:492.14,494.34 2 0
github.com/onescluster/coordinator/pkg/proto/coordinator.pb.go:494.34,496.4 1 0
github.com/onescluster/coordinator/pkg/proto/coordinator.pb.go:497.3,497.12 1 0
github.com/onescluster/coordinator/pkg/proto/coordinator.pb.go:499.2,499.24 1 0
github.com/onescluster/coordinator/pkg/proto/coordinator.pb.go:503.53,505.2 1 0
github.com/onescluster/coordinator/pkg/proto/coordinator.pb.go:507.49,508.14 1 0
github.com/onescluster/coordinator/pkg/proto/coordinator.pb.go:508.14,510.3 1 0
github.com/onescluster/coordinator/pkg/proto/coordinator.pb.go:511.2,511.11 1 0
github.com/onescluster/coordinator/pkg/proto/coordinator.pb.go:514.43,515.14 1 0
github.com/onescluster/coordinator/pkg/proto/coordinator.pb.go:515.14,517.3 1 0
github.com/onescluster/coordinator/pkg/proto/coordinator.pb.go:518.2,518.11 1 0
github.com/onescluster/coordinator/pkg/proto/coordinator.pb.go:521.56,522.14 1 0
github.com/onescluster/coordinator/pkg/proto/coordinator.pb.go:522.14,524.3 1 0
github.com/onescluster/coordinator/pkg/proto/coordinator.pb.go:525.2,525.10 1 0
github.com/onescluster/coordinator/pkg/proto/coordinator.pb.go:528.51,529.14 1 0
github.com/onescluster/coordinator/pkg/proto/coordinator.pb.go:529.14,531.3 1 0
github.com/onescluster/coordinator/pkg/proto/coordinator.pb.go:532.2,532.49 1 0
github.com/onescluster/coordinator/pkg/proto/coordinator.pb.go:535.42,536.14 1 0
github.com/onescluster/coordinator/pkg/proto/coordinator.pb.go:536.14,538.3 1 0
github.com/onescluster/coordinator/pkg/proto/coordinator.pb.go:539.2,539.10 1 0
github.com/onescluster/coordinator/pkg/proto/coordinator.pb.go:542.56,543.14 1 0
github.com/onescluster/coordinator/pkg/proto/coordinator.pb.go:543.14,545.3 1 0
github.com/onescluster/coordinator/pkg/proto/coordinator.pb.go:546.2,546.10 1 0
github.com/onescluster/coordinator/pkg/proto/coordinator.pb.go:559.25,564.2 4 0
github.com/onescluster/coordinator/pkg/proto/coordinator.pb.go:566.33,568.2 1 0
github.com/onescluster/coordinator/pkg/proto/coordinator.pb.go:570.31,570.32 0 0
github.com/onescluster/coordinator/pkg/proto/coordinator.pb.go:572.53,574.14 2 0
github.com/onescluster/coordinator/pkg/proto/coordinator.pb.go:574.14,576.34 2 0
github.com/onescluster/coordinator/pkg/proto/coordinator.pb.go:576.34,578.4 1 0
github.com/onescluster/coordinator/pkg/proto/coordinator.pb.go:579.3,579.12 1 0
github.com/onescluster/coordinator/pkg/proto/coordinator.pb.go:581.2,581.24 1 0
github.com/onescluster/coordinator/pkg/proto/coordinator.pb.go:585.44,587.2 1 0
github.com/onescluster/coordinator/pkg/proto/coordinator.pb.go:589.33,590.14 1 0
github.com/onescluster/coordinator/pkg/proto/coordinator.pb.go:590.14,592.3 1 0
github.com/onescluster/coordinator/pkg/proto/coordinator.pb.go:593.2,593.11 1 0
github.com/onescluster/coordinator/pkg/proto/coordinator.pb.go:596.35,597.14 1 0
github.com/onescluster/coordinator/pkg/proto/coordinator.pb.go:597.14,599.3 1 0
github.com/onescluster/coordinator/pkg/proto/coordinator.pb.go:600.2,600.11 1 0
github.com/onescluster/coordinator/pkg/proto/coordinator.pb.go:603.41,604.14 1 0
github.com/onescluster/coordinator/pkg/proto/coordinator.pb.go:604.14,606.3 1 0
github.com/onescluster/coordinator/pkg/proto/coordinator.pb.go:607.2,607.45 1 0
github.com/onescluster/coordinator/pkg/proto/coordinator.pb.go:620.41,625.2 4 0
github.com/onescluster/coordinator/pkg/proto/coordinator.pb.go:627.49,629.2 1 0
github.com/onescluster/coordinator/pkg/proto/coordinator.pb.go:631.47,631.48 0 0
github.com/onescluster/coordinator/pkg/proto/coordinator.pb.go:633.69,635.14 2 0
github.com/onescluster/coordinator/pkg/proto/coordinator.pb.go:635.14,637.34 2 0
github.com/onescluster/coordinator/pkg/proto/coordinator.pb.go:637.34,639.4 1 0
github.com/onescluster/coordinator/pkg/proto/coordinator.pb.go:640.3,640.12 1 0
github.com/onescluster/coordinator/pkg/proto/coordinator.pb.go:642.2,642.24 1 0
github.com/onescluster/coordinator/pkg/proto/coordinator.pb.go:646.60,648.2 1 0
github.com/onescluster/coordinator/pkg/proto/coordinator.pb.go:650.56,651.14 1 0
github.com/onescluster/coordinator/pkg/proto/coordinator.pb.go:651.14,653.3 1 0
github.com/onescluster/coordinator/pkg/proto/coordinator.pb.go:654.2,654.11 1 0
github.com/onescluster/coordinator/pkg/proto/coordinator.pb.go:657.61,658.14 1 0
github.com/onescluster/coordinator/pkg/proto/coordinator.pb.go:658.14,660.3 1 0
github.com/onescluster/coordinator/pkg/proto/coordinator.pb.go:661.2,661.12 1 0
github.com/onescluster/coordinator/pkg/proto/coordinator.pb.go:664.58,665.14 1 0
github.com/onescluster/coordinator/pkg/proto/coordinator.pb.go:665.14,667.3 1 0
github.com/onescluster/coordinator/pkg/proto/coordinator.pb.go:668.2,668.11 1 0
github.com/onescluster/coordinator/pkg/proto/coordinator.pb.go:680.42,685.2 4 0
github.com/onescluster/coordinator/pkg/proto/coordinator.pb.go:687.50,689.2 1 0
github.com/onescluster/coordinator/pkg/proto/coordinator.pb.go:691.48,691.49 0 0
github.com/onescluster/coordinator/pkg/proto/coordinator.pb.go:693.70,695.14 2 0
github.com/onescluster/coordinator/pkg/proto/coordinator.pb.go:695.14,697.34 2 0
github.com/onescluster/coordinator/pkg/proto/coordinator.pb.go:697.34,699.4 1 0
github.com/onescluster/coordinator/pkg/proto/coordinator.pb.go:700.3,700.12 1 0
github.com/onescluster/coordinator/pkg/proto/coordinator.pb.go:702.2,702.24 1 0
github.com/onescluster/coordinator/pkg/proto/coordinator.pb.go:706.61,708.2 1 0
github.com/onescluster/coordinator/pkg/proto/coordinator.pb.go:710.52,711.14 1 0
github.com/onescluster/coordinator/pkg/proto/coordinator.pb.go:711.14,713.3 1 0
github.com/onescluster/coordinator/pkg/proto/coordinator.pb.go:714.2,714.14 1 0
github.com/onescluster/coordinator/pkg/proto/coordinator.pb.go:717.54,718.14 1 0
github.com/onescluster/coordinator/pkg/proto/coordinator.pb.go:718.14,720.3 1 0
github.com/onescluster/coordinator/pkg/proto/coordinator.pb.go:721.2,721.11 1 0
github.com/onescluster/coordinator/pkg/proto/coordinator.pb.go:736.32,741.2 4 0
github.com/onescluster/coordinator/pkg/proto/coordinator.pb.go:743.40,745.2 1 0
github.com/onescluster/coordinator/pkg/proto/coordinator.pb.go:747.38,747.39 0 0
github.com/onescluster/coordinator/pkg/proto/coordinator.pb.go:749.60,751.14 2 0
github.com/onescluster/coordinator/pkg/proto/coordinator.pb.go:751.14,753.34 2 0
github.com/onescluster/coordinator/pkg/proto/coordinator.pb.go:753.34,755.4 1 0
github.com/onescluster/coordinator/pkg/proto/coordinator.pb.go:756.3,756.12 1 0
github.com/onescluster/coordinator/pkg/proto/coordinator.pb.go:758.2,758.24 1 0
github.com/onescluster/coordinator/pkg/proto/coordinator.pb.go:762.51,764.2 1 0
github.com/onescluster/coordinator/pkg/proto/coordinator.pb.go:766.41,767.14 1 0
github.com/onescluster/coordinator/pkg/proto/coordinator.pb.go:767.14,769.3 1 0
github.com/onescluster/coordinator/pkg/proto/coordinator.pb.go:770.2,770.11 1 0
github.com/onescluster/coordinator/pkg/proto/coordinator.pb.go:773.58,774.14 1 0
github.com/onescluster/coordinator/pkg/proto/coordinator.pb.go:774.14,776.3 1 0
github.com/onescluster/coordinator/pkg/proto/coordinator.pb.go:777.2,777.12 1 0
github.com/onescluster/coordinator/pkg/proto/coordinator.pb.go:780.52,781.14 1 0
github.com/onescluster/coordinator/pkg/proto/coordinator.pb.go:781.14,783.3 1 0
github.com/onescluster/coordinator/pkg/proto/coordinator.pb.go:784.2,784.12 1 0
github.com/onescluster/coordinator/pkg/proto/coordinator.pb.go:787.47,788.14 1 0
github.com/onescluster/coordinator/pkg/proto/coordinator.pb.go:788.14,790.3 1 0
github.com/onescluster/coordinator/pkg/proto/coordinator.pb.go:791.2,791.12 1 0
github.com/onescluster/coordinator/pkg/proto/coordinator.pb.go:794.56,795.14 1 0
github.com/onescluster/coordinator/pkg/proto/coordinator.pb.go:795.14,797.3 1 0
github.com/onescluster/coordinator/pkg/proto/coordinator.pb.go:798.2,798.12 1 0
github.com/onescluster/coordinator/pkg/proto/coordinator.pb.go:809.36,814.2 4 0
github.com/onescluster/coordinator/pkg/proto/coordinator.pb.go:816.44,818.2 1 0
github.com/onescluster/coordinator/pkg/proto/coordinator.pb.go:820.42,820.43 0 0
github.com/onescluster/coordinator/pkg/proto/coordinator.pb.go:822.64,824.14 2 0
github.com/onescluster/coordinator/pkg/proto/coordinator.pb.go:824.14,826.34 2 0
github.com/onescluster/coordinator/pkg/proto/coordinator.pb.go:826.34,828.4 1 0
github.com/onescluster/coordinator/pkg/proto/coordinator.pb.go:829.3,829.12 1 0
github.com/onescluster/coordinator/pkg/proto/coordinator.pb.go:831.2,831.24 1 0
github.com/onescluster/coordinator/pkg/proto/coordinator.pb.go:835.55,837.2 1 0
github.com/onescluster/coordinator/pkg/proto/coordinator.pb.go:839.53,840.14 1 0
github.com/onescluster/coordinator/pkg/proto/coordinator.pb.go:840.14,842.3 1 0
github.com/onescluster/coordinator/pkg/proto/coordinator.pb.go:843.2,843.12 1 0
github.com/onescluster/coordinator/pkg/proto/coordinator.pb.go:846.49,847.14 1 0
github.com/onescluster/coordinator/pkg/proto/coordinator.pb.go:847.14,849.3 1 0
github.com/onescluster/coordinator/pkg/proto/coordinator.pb.go:850.2,850.11 1 0
github.com/onescluster/coordinator/pkg/proto/coordinator.pb.go:861.34,866.2 4 0
github.com/onescluster/coordinator/pkg/proto/coordinator.pb.go:868.42,870.2 1 0
github.com/onescluster/coordinator/pkg/proto/coordinator.pb.go:872.40,872.41 0 0
github.com/onescluster/coordinator/pkg/proto/coordinator.pb.go:874.62,876.14 2 0
github.com/onescluster/coordinator/pkg/proto/coordinator.pb.go:876.14,878.34 2 0
github.com/onescluster/coordinator/pkg/proto/coordinator.pb.go:878.34,880.4 1 0
github.com/onescluster/coordinator/pkg/proto/coordinator.pb.go:881.3,881.12 1 0
github.com/onescluster/coordinator/pkg/proto/coordinator.pb.go:883.2,883.24 1 0
github.com/onescluster/coordinator/pkg/proto/coordinator.pb.go:887.53,889.2 1 0
github.com/onescluster/coordinator/pkg/proto/coordinator.pb.go:891.48,892.14 1 0
github.com/onescluster/coordinator/pkg/proto/coordinator.pb.go:892.14,894.3 1 0
github.com/onescluster/coordinator/pkg/proto/coordinator.pb.go:895.2,895.10 1 0
github.com/onescluster/coordinator/pkg/proto/coordinator.pb.go:898.53,899.14 1 0
github.com/onescluster/coordinator/pkg/proto/coordinator.pb.go:899.14,901.3 1 0
github.com/onescluster/coordinator/pkg/proto/coordinator.pb.go:902.2,902.11 1 0
github.com/onescluster/coordinator/pkg/proto/coordinator.pb.go:914.33,919.2 4 0
github.com/onescluster/coordinator/pkg/proto/coordinator.pb.go:921.41,923.2 1 0
github.com/onescluster/coordinator/pkg/proto/coordinator.pb.go:925.39,925.40 0 0
github.com/onescluster/coordinator/pkg/proto/coordinator.pb.go:927.61,929.14 2 0
github.com/onescluster/coordinator/pkg/proto/coordinator.pb.go:929.14,931.34 2 0
github.com/onescluster/coordinator/pkg/proto/coordinator.pb.go:931.34,933.4 1 0
github.com/onescluster/coordinator/pkg/proto/coordinator.pb.go:934.3,934.12 1 0
github.com/onescluster/coordinator/pkg/proto/coordinator.pb.go:936.2,936.24 1 0
github.com/onescluster/coordinator/pkg/proto/coordinator.pb.go:940.52,942.2 1 0
github.com/onescluster/coordinator/pkg/proto/coordinator.pb.go:944.43,945.14 1 0
github.com/onescluster/coordinator/pkg/proto/coordinator.pb.go:945.14,947.3 1 0
github.com/onescluster/coordinator/pkg/proto/coordinator.pb.go:948.2,948.11 1 0
github.com/onescluster/coordinator/pkg/proto/coordinator.pb.go:951.44,952.14 1 0
github.com/onescluster/coordinator/pkg/proto/coordinator.pb.go:952.14,954.3 1 0
github.com/onescluster/coordinator/pkg/proto/coordinator.pb.go:955.2,955.12 1 0
github.com/onescluster/coordinator/pkg/proto/coordinator.pb.go:958.52,959.14 1 0
github.com/onescluster/coordinator/pkg/proto/coordinator.pb.go:959.14,961.3 1 0
github.com/onescluster/coordinator/pkg/proto/coordinator.pb.go:962.2,962.12 1 0
github.com/onescluster/coordinator/pkg/proto/coordinator.pb.go:975.26,980.2 4 0
github.com/onescluster/coordinator/pkg/proto/coordinator.pb.go:982.34,984.2 1 0
github.com/onescluster/coordinator/pkg/proto/coordinator.pb.go:986.32,986.33 0 0
github.com/onescluster/coordinator/pkg/proto/coordinator.pb.go:988.54,990.14 2 0
github.com/onescluster/coordinator/pkg/proto/coordinator.pb.go:990.14,992.34 2 0
github.com/onescluster/coordinator/pkg/proto/coordinator.pb.go:992.34,994.4 1 0
github.com/onescluster/coordinator/pkg/proto/coordinator.pb.go:995.3,995.12 1 0
github.com/onescluster/coordinator/pkg/proto/coordinator.pb.go:997.2,997.24 1 0
github.com/onescluster/coordinator/pkg/proto/coordinator.pb.go:1001.45,1003.2 1 0
github.com/onescluster/coordinator/pkg/proto/coordinator.pb.go:1005.35,1006.14 1 0
github.com/onescluster/coordinator/pkg/proto/coordinator.pb.go:1006.14,1008.3 1 0
github.com/onescluster/coordinator/pkg/proto/coordinator.pb.go:1009.2,1009.11 1 0
github.com/onescluster/coordinator/pkg/proto/coordinator.pb.go:1012.37,1013.14 1 0
github.com/onescluster/coordinator/pkg/proto/coordinator.pb.go:1013.14,1015.3 1 0
github.com/onescluster/coordinator/pkg/proto/coordinator.pb.go:1016.2,1016.11 1 0
github.com/onescluster/coordinator/pkg/proto/coordinator.pb.go:1019.42,1020.14 1 0
github.com/onescluster/coordinator/pkg/proto/coordinator.pb.go:1020.14,1022.3 1 0
github.com/onescluster/coordinator/pkg/proto/coordinator.pb.go:1023.2,1023.11 1 0
github.com/onescluster/coordinator/pkg/proto/coordinator.pb.go:1026.37,1027.14 1 0
github.com/onescluster/coordinator/pkg/proto/coordinator.pb.go:1027.14,1029.3 1 0
[...]
github.com/onescluster/coordinator/pkg/proto/engine.pb.go:326.2,326.10 1 0
github.com/onescluster/coordinator/pkg/proto/engine.pb.go:329.46,330.14 1 0
github.com/onescluster/coordinator/pkg/proto/engine.pb.go:330.14,332.3 1 0
github.com/onescluster/coordinator/pkg/proto/engine.pb.go:333.2,333.10 1 0
github.com/onescluster/coordinator/pkg/proto/engine.pb.go:343.35,348.2 4 0
github.com/onescluster/coordinator/pkg/proto/engine.pb.go:350.43,352.2 1 0
github.com/onescluster/coordinator/pkg/proto/engine.pb.go:354.41,354.42 0 0
github.com/onescluster/coordinator/pkg/proto/engine.pb.go:356.63,358.14 2 0
github.com/onescluster/coordinator/pkg/proto/engine.pb.go:358.14,360.34 2 0
github.com/onescluster/coordinator/pkg/proto/engine.pb.go:360.34,362.4 1 0
github.com/onescluster/coordinator/pkg/proto/engine.pb.go:363.3,363.12 1 0
github.com/onescluster/coordinator/pkg/proto/engine.pb.go:365.2,365.24 1 0
github.com/onescluster/coordinator/pkg/proto/engine.pb.go:369.54,371.2 1 0
github.com/onescluster/coordinator/pkg/proto/engine.pb.go:373.48,374.14 1 0
github.com/onescluster/coordinator/pkg/proto/engine.pb.go:374.14,376.3 1 0
github.com/onescluster/coordinator/pkg/proto/engine.pb.go:377.2,377.12 1 0
github.com/onescluster/coordinator/pkg/proto/engine.pb.go:388.36,393.2 4 0
github.com/onescluster/coordinator/pkg/proto/engine.pb.go:395.44,397.2 1 0
github.com/onescluster/coordinator/pkg/proto/engine.pb.go:399.42,399.43 0 0
github.com/onescluster/coordinator/pkg/proto/engine.pb.go:401.64,403.14 2 0
github.com/onescluster/coordinator/pkg/proto/engine.pb.go:403.14,405.34 2 0
github.com/onescluster/coordinator/pkg/proto/engine.pb.go:405.34,407.4 1 0
github.com/onescluster/coordinator/pkg/proto/engine.pb.go:408.3,408.12 1 0
github.com/onescluster/coordinator/pkg/proto/engine.pb.go:410.2,410.24 1 0
github.com/onescluster/coordinator/pkg/proto/engine.pb.go:414.55,416.2 1 0
github.com/onescluster/coordinator/pkg/proto/engine.pb.go:418.44,419.14 1 0
github.com/onescluster/coordinator/pkg/proto/engine.pb.go:419.14,421.3 1 0
github.com/onescluster/coordinator/pkg/proto/engine.pb.go:422.2,422.14 1 0
github.com/onescluster/coordinator/pkg/proto/engine.pb.go:425.53,426.14 1 0
github.com/onescluster/coordinator/pkg/proto/engine.pb.go:426.14,428.3 1 0
github.com/onescluster/coordinator/pkg/proto/engine.pb.go:429.2,429.11 1 0
github.com/onescluster/coordinator/pkg/proto/engine.pb.go:476.51,477.48 1 0
github.com/onescluster/coordinator/pkg/proto/engine.pb.go:477.48,479.3 1 0
github.com/onescluster/coordinator/pkg/proto/engine.pb.go:480.2,480.44 1 0
github.com/onescluster/coordinator/pkg/proto/engine.pb.go:510.13,510.47 1 0
github.com/onescluster/coordinator/pkg/proto/engine.pb.go:511.37,512.36 1 0
github.com/onescluster/coordinator/pkg/proto/engine.pb.go:512.36,514.3 1 0
github.com/onescluster/coordinator/pkg/proto/engine.pb.go:515.2,531.39 5 0
github.com/onescluster/coordinator/pkg/proto/engine_grpc.pb.go:42.64,44.2 1 0
github.com/onescluster/coordinator/pkg/proto/engine_grpc.pb.go:46.128,50.16 4 0
github.com/onescluster/coordinator/pkg/proto/engine_grpc.pb.go:50.16,52.3 1 0
github.com/onescluster/coordinator/pkg/proto/engine_grpc.pb.go:53.2,53.17 1 0
github.com/onescluster/coordinator/pkg/proto/engine_grpc.pb.go:56.122,60.16 4 0
github.com/onescluster/coordinator/pkg/proto/engine_grpc.pb.go:60.16,62.3 1 0
github.com/onescluster/coordinator/pkg/proto/engine_grpc.pb.go:63.2,63.17 1 0
github.com/onescluster/coordinator/pkg/proto/engine_grpc.pb.go:66.131,70.16 4 0
github.com/onescluster/coordinator/pkg/proto/engine_grpc.pb.go:70.16,72.3 1 0
github.com/onescluster/coordinator/pkg/proto/engine_grpc.pb.go:73.2,73.17 1 0
github.com/onescluster/coordinator/pkg/proto/engine_grpc.pb.go:76.135,80.16 4 0
github.com/onescluster/coordinator/pkg/proto/engine_grpc.pb.go:80.16,82.3 1 0
github.com/onescluster/coordinator/pkg/proto/engine_grpc.pb.go:83.2,83.17 1 0
github.com/onescluster/coordinator/pkg/proto/engine_grpc.pb.go:104.106,106.2 1 0
github.com/onescluster/coordinator/pkg/proto/engine_grpc.pb.go:107.100,109.2 1 0
github.com/onescluster/coordinator/pkg/proto/engine_grpc.pb.go:110.109,112.2 1 0
github.com/onescluster/coordinator/pkg/proto/engine_grpc.pb.go:113.113,115.2 1 0
github.com/onescluster/coordinator/pkg/proto/engine_grpc.pb.go:116.72,116.73 0 0
github.com/onescluster/coordinator/pkg/proto/engine_grpc.pb.go:117.72,117.73 0 0
github.com/onescluster/coordinator/pkg/proto/engine_grpc.pb.go:126.70,131.59 1 0
github.com/onescluster/coordinator/pkg/proto/engine_grpc.pb.go:131.59,133.3 1 0
github.com/onescluster/coordinator/pkg/proto/engine_grpc.pb.go:134.2,134.45 1 0
github.com/onescluster/coordinator/pkg/proto/engine_grpc.pb.go:137.165,139.32 2 0
github.com/onescluster/coordinator/pkg/proto/engine_grpc.pb.go:139.32,141.3 1 0
github.com/onescluster/coordinator/pkg/proto/engine_grpc.pb.go:142.2,142.24 1 0
github.com/onescluster/coordinator/pkg/proto/engine_grpc.pb.go:142.24,144.3 1 0
github.com/onescluster/coordinator/pkg/proto/engine_grpc.pb.go:145.2,149.77 2 0
github.com/onescluster/coordinator/pkg/proto/engine_grpc.pb.go:149.77,151.3 1 0
github.com/onescluster/coordinator/pkg/proto/engine_grpc.pb.go:152.2,152.44 1 0
github.com/onescluster/coordinator/pkg/proto/engine_grpc.pb.go:155.163,157.32 2 0
github.com/onescluster/coordinator/pkg/proto/engine_grpc.pb.go:157.32,159.3 1 0
github.com/onescluster/coordinator/pkg/proto/engine_grpc.pb.go:160.2,160.24 1 0
github.com/onescluster/coordinator/pkg/proto/engine_grpc.pb.go:160.24,162.3 1 0
github.com/onescluster/coordinator/pkg/proto/engine_grpc.pb.go:163.2,167.77 2 0
github.com/onescluster/coordinator/pkg/proto/engine_grpc.pb.go:167.77,169.3 1 0
github.com/onescluster/coordinator/pkg/proto/engine_grpc.pb.go:170.2,170.44 1 0
github.com/onescluster/coordinator/pkg/proto/engine_grpc.pb.go:173.164,175.32 2 0
github.com/onescluster/coordinator/pkg/proto/engine_grpc.pb.go:175.32,177.3 1 0
github.com/onescluster/coordinator/pkg/proto/engine_grpc.pb.go:178.2,178.24 1 0
github.com/onescluster/coordinator/pkg/proto/engine_grpc.pb.go:178.24,180.3 1 0
github.com/onescluster/coordinator/pkg/proto/engine_grpc.pb.go:181.2,185.77 2 0
github.com/onescluster/coordinator/pkg/proto/engine_grpc.pb.go:185.77,187.3 1 0
github.com/onescluster/coordinator/pkg/proto/engine_grpc.pb.go:188.2,188.44 1 0
github.com/onescluster/coordinator/pkg/proto/engine_grpc.pb.go:191.168,193.32 2 0
github.com/onescluster/coordinator/pkg/proto/engine_grpc.pb.go:193.32,195.3 1 0
github.com/onescluster/coordinator/pkg/proto/engine_grpc.pb.go:196.2,196.24 1 0
github.com/onescluster/coordinator/pkg/proto/engine_grpc.pb.go:196.24,198.3 1 0
github.com/onescluster/coordinator/pkg/proto/engine_grpc.pb.go:199.2,203.77 2 0
github.com/onescluster/coordinator/pkg/proto/engine_grpc.pb.go:203.77,205.3 1 0
github.com/onescluster/coordinator/pkg/proto/engine_grpc.pb.go:206.2,206.44 1 0
github.com/onescluster/coordinator/pkg/reconcile/reconciler.go:25.97,27.2 1 0
github.com/onescluster/coordinator/pkg/reconcile/reconciler.go:29.95,31.2 1 0
github.com/onescluster/coordinator/pkg/reconcile/reconciler.go:33.91,35.2 1 0
github.com/onescluster/coordinator/pkg/reconcile/reconciler.go:37.92,39.2 1 0
github.com/onescluster/coordinator/pkg/reconcile/reconciler.go:52.59,53.19 1 12
github.com/onescluster/coordinator/pkg/reconcile/reconciler.go:53.19,55.3 1 4
github.com/onescluster/coordinator/pkg/reconcile/reconciler.go:56.2,60.3 1 12
github.com/onescluster/coordinator/pkg/reconcile/reconciler.go:64.84,66.2 1 0
github.com/onescluster/coordinator/pkg/reconcile/reconciler.go:69.56,70.19 1 2
github.com/onescluster/coordinator/pkg/reconcile/reconciler.go:70.19,72.3 1 2
github.com/onescluster/coordinator/pkg/reconcile/reconciler.go:74.2,74.16 1 2
github.com/onescluster/coordinator/pkg/reconcile/reconciler.go:74.16,75.10 1 2
github.com/onescluster/coordinator/pkg/reconcile/reconciler.go:76.19,77.10 1 1
github.com/onescluster/coordinator/pkg/reconcile/reconciler.go:78.11,79.19 1 1
github.com/onescluster/coordinator/pkg/reconcile/reconciler.go:84.47,88.6 3 2
github.com/onescluster/coordinator/pkg/reconcile/reconciler.go:88.6,89.10 1 6
github.com/onescluster/coordinator/pkg/reconcile/reconciler.go:90.21,91.10 1 1
github.com/onescluster/coordinator/pkg/reconcile/reconciler.go:92.19,93.10 1 1
github.com/onescluster/coordinator/pkg/reconcile/reconciler.go:94.19,95.47 1 4
github.com/onescluster/coordinator/pkg/reconcile/reconciler.go:95.47,97.5 1 0
github.com/onescluster/coordinator/pkg/reconcile/reconciler.go:102.63,104.16 2 11
github.com/onescluster/coordinator/pkg/reconcile/reconciler.go:104.16,106.3 1 0
github.com/onescluster/coordinator/pkg/reconcile/reconciler.go:108.2,109.16 2 11
github.com/onescluster/coordinator/pkg/reconcile/reconciler.go:109.16,111.3 1 0
github.com/onescluster/coordinator/pkg/reconcile/reconciler.go:114.2,114.28 1 11
github.com/onescluster/coordinator/pkg/reconcile/reconciler.go:114.28,115.42 1 8
github.com/onescluster/coordinator/pkg/reconcile/reconciler.go:115.42,117.12 2 4
github.com/onescluster/coordinator/pkg/reconcile/reconciler.go:120.3,121.71 2 4
github.com/onescluster/coordinator/pkg/reconcile/reconciler.go:121.71,123.4 1 0
github.com/onescluster/coordinator/pkg/reconcile/reconciler.go:127.2,127.34 1 11
github.com/onescluster/coordinator/pkg/reconcile/reconciler.go:127.34,129.69 2 4
github.com/onescluster/coordinator/pkg/reconcile/reconciler.go:129.69,131.4 1 0
github.com/onescluster/coordinator/pkg/reconcile/reconciler.go:134.2,134.12 1 11
github.com/onescluster/coordinator/pkg/reconcile/store_rqlite.go:17.53,19.2 1 0
github.com/onescluster/coordinator/pkg/reconcile/store_rqlite.go:21.92,33.16 3 0
github.com/onescluster/coordinator/pkg/reconcile/store_rqlite.go:33.16,35.3 1 0
github.com/onescluster/coordinator/pkg/reconcile/store_rqlite.go:37.2,38.20 2 0
github.com/onescluster/coordinator/pkg/reconcile/store_rqlite.go:38.20,40.51 2 0
github.com/onescluster/coordinator/pkg/reconcile/store_rqlite.go:40.51,42.4 1 0
github.com/onescluster/coordinator/pkg/reconcile/store_rqlite.go:43.3,43.23 1 0
github.com/onescluster/coordinator/pkg/reconcile/store_rqlite.go:46.2,46.21 1 0
github.com/onescluster/coordinator/pkg/reconcile/store_rqlite.go:49.90,64.16 3 0
github.com/onescluster/coordinator/pkg/reconcile/store_rqlite.go:64.16,66.3 1 0
github.com/onescluster/coordinator/pkg/reconcile/store_rqlite.go:68.2,69.20 2 0
github.com/onescluster/coordinator/pkg/reconcile/store_rqlite.go:69.20,84.17 6 0
github.com/onescluster/coordinator/pkg/reconcile/store_rqlite.go:84.17,86.4 1 0
github.com/onescluster/coordinator/pkg/reconcile/store_rqlite.go:87.3,91.37 5 0
github.com/onescluster/coordinator/pkg/reconcile/store_rqlite.go:94.2,94.23 1 0
github.com/onescluster/coordinator/pkg/reconcile/store_rqlite.go:97.86,99.2 1 0
github.com/onescluster/coordinator/pkg/reconcile/store_rqlite.go:101.87,103.2 1 0
github.com/onescluster/coordinator/pkg/reconcile/store_rqlite.go:105.110,116.46 2 0
github.com/onescluster/coordinator/pkg/reconcile/store_rqlite.go:116.46,118.3 1 0
github.com/onescluster/coordinator/pkg/reconcile/store_rqlite.go:119.2,119.12 1 0
github.com/onescluster/coordinator/pkg/reconcile/store_rqlite.go:122.43,124.2 1 0
github.com/onescluster/coordinator/pkg/reconcile/store_rqlite.go:126.72,127.9 1 0
github.com/onescluster/coordinator/pkg/reconcile/store_rqlite.go:128.20,129.19 1 0
github.com/onescluster/coordinator/pkg/reconcile/store_rqlite.go:130.10,130.10 0 0
github.com/onescluster/coordinator/pkg/reconcile/store_rqlite.go:133.2,133.32 1 0
github.com/onescluster/coordinator/pkg/scheduler/gpu/filters.go:27.70,29.23 2 26
github.com/onescluster/coordinator/pkg/scheduler/gpu/filters.go:29.23,31.3 1 2
github.com/onescluster/coordinator/pkg/scheduler/gpu/filters.go:33.2,34.38 2 24
github.com/onescluster/coordinator/pkg/scheduler/gpu/filters.go:48.77,49.38 1 20
github.com/onescluster/coordinator/pkg/scheduler/gpu/filters.go:49.38,51.3 1 3
github.com/onescluster/coordinator/pkg/scheduler/gpu/filters.go:53.2,53.33 1 17
github.com/onescluster/coordinator/pkg/scheduler/gpu/filters.go:53.33,55.3 1 1
github.com/onescluster/coordinator/pkg/scheduler/gpu/filters.go:57.2,58.16 2 16
github.com/onescluster/coordinator/pkg/scheduler/gpu/filters.go:58.16,61.3 2 0
github.com/onescluster/coordinator/pkg/scheduler/gpu/filters.go:63.2,64.16 2 16
github.com/onescluster/coordinator/pkg/scheduler/gpu/filters.go:64.16,67.3 2 0
github.com/onescluster/coordinator/pkg/scheduler/gpu/filters.go:71.2,71.34 1 16
github.com/onescluster/coordinator/pkg/scheduler/gpu/filters.go:76.70,77.32 1 26
github.com/onescluster/coordinator/pkg/scheduler/gpu/filters.go:77.32,79.3 1 2
github.com/onescluster/coordinator/pkg/scheduler/gpu/filters.go:80.2,80.31 1 24
github.com/onescluster/coordinator/pkg/scheduler/gpu/scheduler.go:45.32,59.2 1 13
github.com/onescluster/coordinator/pkg/scheduler/gpu/scheduler.go:79.106,83.30 2 15
github.com/onescluster/coordinator/pkg/scheduler/gpu/scheduler.go:83.30,84.36 1 26
github.com/onescluster/coordinator/pkg/scheduler/gpu/scheduler.go:84.36,86.4 1 15
github.com/onescluster/coordinator/pkg/scheduler/gpu/scheduler.go:89.2,89.28 1 15
github.com/onescluster/coordinator/pkg/scheduler/gpu/scheduler.go:89.28,91.3 1 4
github.com/onescluster/coordinator/pkg/scheduler/gpu/scheduler.go:95.2,96.35 2 11
github.com/onescluster/coordinator/pkg/scheduler/gpu/scheduler.go:96.35,101.3 1 15
github.com/onescluster/coordinator/pkg/scheduler/gpu/scheduler.go:105.2,105.45 1 11
github.com/onescluster/coordinator/pkg/scheduler/gpu/scheduler.go:105.45,107.3 1 5
github.com/onescluster/coordinator/pkg/scheduler/gpu/scheduler.go:110.2,110.31 1 11
github.com/onescluster/coordinator/pkg/scheduler/gpu/scheduler.go:115.82,116.43 1 26
github.com/onescluster/coordinator/pkg/scheduler/gpu/scheduler.go:116.43,117.36 1 74
github.com/onescluster/coordinator/pkg/scheduler/gpu/scheduler.go:117.36,119.4 1 11
github.com/onescluster/coordinator/pkg/scheduler/gpu/scheduler.go:121.2,121.13 1 15
github.com/onescluster/coordinator/pkg/scheduler/gpu/scheduler.go:128.82,130.38 2 15
github.com/onescluster/coordinator/pkg/scheduler/gpu/scheduler.go:130.38,133.3 2 15
github.com/onescluster/coordinator/pkg/scheduler/gpu/scheduler.go:134.2,134.19 1 15
github.com/onescluster/coordinator/pkg/scheduler/gpu/scheduler.go:139.50,141.2 1 1
github.com/onescluster/coordinator/pkg/scheduler/gpu/scheduler.go:145.63,150.2 1 0
github.com/onescluster/coordinator/pkg/scheduler/gpu/scorers.go:47.80,50.29 2 15
github.com/onescluster/coordinator/pkg/scheduler/gpu/scorers.go:50.29,52.3 1 1
github.com/onescluster/coordinator/pkg/scheduler/gpu/scorers.go:55.2,58.38 2 14
github.com/onescluster/coordinator/pkg/scheduler/gpu/scorers.go:58.38,60.3 1 0
github.com/onescluster/coordinator/pkg/scheduler/gpu/scorers.go:63.2,69.14 3 14
github.com/onescluster/coordinator/pkg/scheduler/gpu/scorers.go:81.77,82.38 1 0
github.com/onescluster/coordinator/pkg/scheduler/gpu/scorers.go:82.38,84.3 1 0
github.com/onescluster/coordinator/pkg/scheduler/gpu/scorers.go:86.2,87.33 2 0
github.com/onescluster/coordinator/pkg/scheduler/gpu/scorers.go:87.33,89.3 1 0
github.com/onescluster/coordinator/pkg/scheduler/gpu/scorers.go:91.2,92.34 2 0
github.com/onescluster/coordinator/pkg/scheduler/gpu/scorers.go:92.34,94.3 1 0
github.com/onescluster/coordinator/pkg/scheduler/gpu/scorers.go:99.2,100.21 2 0
github.com/onescluster/coordinator/pkg/scheduler/gpu/scorers.go:100.21,102.3 1 0
github.com/onescluster/coordinator/pkg/scheduler/gpu/scorers.go:104.2,105.19 2 0
github.com/onescluster/coordinator/pkg/scheduler/gpu/scorers.go:105.19,109.18 2 0
github.com/onescluster/coordinator/pkg/scheduler/gpu/scorers.go:109.18,111.4 1 0
github.com/onescluster/coordinator/pkg/scheduler/gpu/scorers.go:112.3,112.22 1 0
github.com/onescluster/coordinator/pkg/scheduler/gpu/scorers.go:115.2,115.11 1 0
github.com/onescluster/coordinator/pkg/scheduler/gpu/types.go:20.50,21.40 1 24
github.com/onescluster/coordinator/pkg/scheduler/gpu/types.go:21.40,23.3 1 0
github.com/onescluster/coordinator/pkg/scheduler/gpu/types.go:24.2,24.43 1 24
github.com/onescluster/coordinator/pkg/scheduler/gpu/types.go:28.48,30.2 1 0
github.com/onescluster/coordinator/pkg/scheduler/gpu/types.go:33.44,35.2 1 0
github.com/onescluster/coordinator/pkg/scheduler/gpu/types.go:38.61,39.31 1 0
github.com/onescluster/coordinator/pkg/scheduler/gpu/types.go:39.31,41.3 1 0
github.com/onescluster/coordinator/pkg/scheduler/gpu/types.go:42.2,42.47 1 0
github.com/onescluster/coordinator/pkg/scheduler/gpu/types.go:65.45,67.2 1 26
github.com/onescluster/coordinator/pkg/scheduler/gpu/types.go:70.53,72.2 1 41
github.com/onescluster/coordinator/pkg/scheduler/gpu/types.go:75.65,76.28 1 0
github.com/onescluster/coordinator/pkg/scheduler/gpu/types.go:76.28,78.3 1 0
github.com/onescluster/coordinator/pkg/scheduler/gpu/types.go:79.2,79.44 1 0
github.com/onescluster/coordinator/pkg/wasm/wasmer.go:21.43,30.16 4 5
github.com/onescluster/coordinator/pkg/wasm/wasmer.go:30.16,32.3 1 0
github.com/onescluster/coordinator/pkg/wasm/wasmer.go:35.2,39.16 3 5
github.com/onescluster/coordinator/pkg/wasm/wasmer.go:39.16,41.3 1 0
github.com/onescluster/coordinator/pkg/wasm/wasmer.go:43.2,45.8 1 5
github.com/onescluster/coordinator/pkg/wasm/wasmer.go:50.74,56.16 4 7
github.com/onescluster/coordinator/pkg/wasm/wasmer.go:56.16,58.3 1 0
github.com/onescluster/coordinator/pkg/wasm/wasmer.go:62.2,63.16 2 7
github.com/onescluster/coordinator/pkg/wasm/wasmer.go:63.16,65.3 1 0
github.com/onescluster/coordinator/pkg/wasm/wasmer.go:68.2,73.31 3 7
github.com/onescluster/coordinator/pkg/wasm/wasmer.go:73.31,75.3 1 0
github.com/onescluster/coordinator/pkg/wasm/wasmer.go:78.2,84.16 3 7
github.com/onescluster/coordinator/pkg/wasm/wasmer.go:84.16,86.3 1 0
github.com/onescluster/coordinator/pkg/wasm/wasmer.go:89.2,90.21 2 7
github.com/onescluster/coordinator/pkg/wasm/wasmer.go:94.36,98.23 3 5
github.com/onescluster/coordinator/pkg/wasm/wasmer.go:98.23,101.3 2 5
github.com/onescluster/coordinator/pkg/wasm/wasmer.go:102.2,102.12 1 5
github.com/onescluster/coordinator/pkg/headscale/client.go:20.71,28.2 1 15
github.com/onescluster/coordinator/pkg/headscale/client.go:46.65,50.16 3 13
github.com/onescluster/coordinator/pkg/headscale/client.go:50.16,52.3 1 0
github.com/onescluster/coordinator/pkg/headscale/client.go:55.2,59.16 4 13
github.com/onescluster/coordinator/pkg/headscale/client.go:59.16,61.3 1 3
github.com/onescluster/coordinator/pkg/headscale/client.go:62.2,64.38 2 10
github.com/onescluster/coordinator/pkg/headscale/client.go:64.38,67.3 2 3
github.com/onescluster/coordinator/pkg/headscale/client.go:69.2,70.69 2 7
github.com/onescluster/coordinator/pkg/headscale/client.go:70.69,72.3 1 0
github.com/onescluster/coordinator/pkg/headscale/client.go:74.2,74.28 1 7
github.com/onescluster/coordinator/pkg/headscale/client.go:78.81,80.16 2 2
github.com/onescluster/coordinator/pkg/headscale/client.go:80.16,82.3 1 0
github.com/onescluster/coordinator/pkg/headscale/client.go:84.2,84.29 1 2
github.com/onescluster/coordinator/pkg/headscale/client.go:84.29,85.24 1 5
github.com/onescluster/coordinator/pkg/headscale/client.go:85.24,87.4 1 1
github.com/onescluster/coordinator/pkg/headscale/client.go:90.2,90.51 1 1
github.com/onescluster/coordinator/pkg/headscale/client.go:95.66,97.16 2 4
github.com/onescluster/coordinator/pkg/headscale/client.go:97.16,99.3 1 0
github.com/onescluster/coordinator/pkg/headscale/client.go:101.2,101.24 1 4
github.com/onescluster/coordinator/pkg/headscale/client.go:105.55,109.16 3 3
github.com/onescluster/coordinator/pkg/headscale/client.go:109.16,111.3 1 0
github.com/onescluster/coordinator/pkg/headscale/client.go:113.2,114.16 2 3
github.com/onescluster/coordinator/pkg/headscale/client.go:114.16,116.3 1 0
github.com/onescluster/coordinator/pkg/headscale/client.go:117.2,119.38 2 3
github.com/onescluster/coordinator/pkg/headscale/client.go:119.38,121.3 1 2
github.com/onescluster/coordinator/pkg/headscale/client.go:123.2,123.12 1 1
